"../../../Engine/Content/EngineResources/DefaultTexture.ubulk" 0
"../../../Engine/Content/EngineResources/DefaultTexture.uasset" 1
"../../../Engine/Content/EngineResources/DefaultTexture.uexp" 2
"../../../Engine/Content/EngineResources/DefaultTextureCube.uasset" 3
"../../../Engine/Content/EngineResources/DefaultTextureCube.uexp" 4
"../../../Engine/Content/EngineResources/DefaultVolumeTexture2D.uasset" 5
"../../../Engine/Content/EngineResources/DefaultVolumeTexture2D.uexp" 6
"../../../Engine/Content/EngineResources/DefaultVolumeTexture.uasset" 7
"../../../Engine/Content/EngineResources/DefaultVolumeTexture.uexp" 8
"../../../Engine/Content/EngineMeshes/Sphere.uasset" 9
"../../../Engine/Content/EngineMeshes/Sphere.uexp" 10
"../../../Engine/Content/EngineResources/GradientTexture0.uasset" 11
"../../../Engine/Content/EngineResources/GradientTexture0.uexp" 12
"../../../Engine/Content/EngineResources/Black.uasset" 13
"../../../Engine/Content/EngineResources/Black.uexp" 14
"../../../Engine/Content/EngineMaterials/T_Default_Material_Grid_M.ubulk" 15
"../../../Engine/Content/EngineMaterials/T_Default_Material_Grid_M.uasset" 16
"../../../Engine/Content/EngineMaterials/T_Default_Material_Grid_M.uexp" 17
"../../../Engine/Content/EngineMaterials/T_Default_Material_Grid_N.ubulk" 18
"../../../Engine/Content/EngineMaterials/T_Default_Material_Grid_N.uasset" 19
"../../../Engine/Content/EngineMaterials/T_Default_Material_Grid_N.uexp" 20
"../../../Engine/Content/Functions/Engine_MaterialFunctions01/Opacity/CameraDepthFade.uasset" 21
"../../../Engine/Content/Functions/Engine_MaterialFunctions01/Opacity/CameraDepthFade.uexp" 22
"../../../Engine/Content/EngineMaterials/WorldGridMaterial.uasset" 23
"../../../Engine/Content/EngineMaterials/WorldGridMaterial.uexp" 24
"../../../Engine/Content/ArtTools/RenderToTexture/Meshes/S_1_Unit_Plane.uasset" 25
"../../../Engine/Content/ArtTools/RenderToTexture/Meshes/S_1_Unit_Plane.uexp" 26
"../../../Engine/Plugins/FX/Niagara/Content/Enums/ENiagara_MassInitializationMode.uasset" 27
"../../../Engine/Plugins/FX/Niagara/Content/Enums/ENiagara_MassInitializationMode.uexp" 28
"../../../Engine/Plugins/FX/Niagara/Content/Enums/ENiagara_PositionInitializationMode.uasset" 29
"../../../Engine/Plugins/FX/Niagara/Content/Enums/ENiagara_PositionInitializationMode.uexp" 30
"../../../Engine/Plugins/FX/Niagara/Content/Icons/Modules/T_Icon_Solver_LimitSpeed.uasset" 31
"../../../Engine/Plugins/FX/Niagara/Content/Icons/Modules/T_Icon_Solver_LimitSpeed.uexp" 32
"../../../Engine/Plugins/FX/Niagara/Content/Icons/Modules/T_Icon_Solver_RotationalSolve.uasset" 33
"../../../Engine/Plugins/FX/Niagara/Content/Icons/Modules/T_Icon_Solver_RotationalSolve.uexp" 34
"../../../Engine/Plugins/FX/Niagara/Content/Icons/Modules/T_Icon_Solver_LimitAccel.uasset" 35
"../../../Engine/Plugins/FX/Niagara/Content/Icons/Modules/T_Icon_Solver_LimitAccel.uexp" 36
"../../../Engine/Plugins/FX/Niagara/Content/Enums/ENiagara_SizeScaleMode.uasset" 37
"../../../Engine/Plugins/FX/Niagara/Content/Enums/ENiagara_SizeScaleMode.uexp" 38
"../../../Engine/Plugins/FX/Niagara/Content/Enums/ENiagara_UVFlippingMode.uasset" 39
"../../../Engine/Plugins/FX/Niagara/Content/Enums/ENiagara_UVFlippingMode.uexp" 40
"../../../Engine/Plugins/FX/Niagara/Content/Enums/ENiagaraRandomnessMode.uasset" 41
"../../../Engine/Plugins/FX/Niagara/Content/Enums/ENiagaraRandomnessMode.uexp" 42
"../../../Engine/Plugins/FX/Niagara/Content/Enums/ENiagaraRandomnessEvaluation.uasset" 43
"../../../Engine/Plugins/FX/Niagara/Content/Enums/ENiagaraRandomnessEvaluation.uexp" 44
"../../../Engine/Plugins/FX/Niagara/Content/Enums/Ribbons/ENiagara_UnsetDirectSetRandom.uasset" 45
"../../../Engine/Plugins/FX/Niagara/Content/Enums/Ribbons/ENiagara_UnsetDirectSetRandom.uexp" 46
"../../../Engine/Plugins/FX/Niagara/Content/Enums/ENiagara_LifetimeMode.uasset" 47
"../../../Engine/Plugins/FX/Niagara/Content/Enums/ENiagara_LifetimeMode.uexp" 48
"../../../Engine/Plugins/FX/Niagara/Content/Enums/Ribbons/ENiagara_UnsetDirectSet.uasset" 49
"../../../Engine/Plugins/FX/Niagara/Content/Enums/Ribbons/ENiagara_UnsetDirectSet.uexp" 50
"../../../Engine/Plugins/FX/Niagara/Content/Enums/ENiagara_SpriteRotationMode.uasset" 51
"../../../Engine/Plugins/FX/Niagara/Content/Enums/ENiagara_SpriteRotationMode.uexp" 52
"../../../Engine/Plugins/FX/Niagara/Content/Enums/ENiagara_ColorInitializationMode.uasset" 53
"../../../Engine/Plugins/FX/Niagara/Content/Enums/ENiagara_ColorInitializationMode.uexp" 54
"../../../Engine/Plugins/FX/Niagara/Content/Enums/ENiagaraChannelCorrelation.uasset" 55
"../../../Engine/Plugins/FX/Niagara/Content/Enums/ENiagaraChannelCorrelation.uexp" 56
"../../../Engine/Plugins/FX/Niagara/Content/Enums/ENiagaraEmitterLifeCycleMode.uasset" 57
"../../../Engine/Plugins/FX/Niagara/Content/Enums/ENiagaraEmitterLifeCycleMode.uexp" 58
"../../../Engine/Plugins/FX/Niagara/Content/Enums/ENiagara_InfiniteLoopDuration.uasset" 59
"../../../Engine/Plugins/FX/Niagara/Content/Enums/ENiagara_InfiniteLoopDuration.uexp" 60
"../../../Engine/Plugins/FX/Niagara/Content/Enums/ENiagara_EmitterStateOptions.uasset" 61
"../../../Engine/Plugins/FX/Niagara/Content/Enums/ENiagara_EmitterStateOptions.uexp" 62
"../../../Engine/Plugins/FX/Niagara/Content/Enums/ENiagaraInactiveMode.uasset" 63
"../../../Engine/Plugins/FX/Niagara/Content/Enums/ENiagaraInactiveMode.uexp" 64
"../../../Engine/Plugins/FX/Niagara/Content/Enums/ENiagaraExecutionStateManagement.uasset" 65
"../../../Engine/Plugins/FX/Niagara/Content/Enums/ENiagaraExecutionStateManagement.uexp" 66
"../../../Engine/Plugins/FX/Niagara/Content/Enums/ENiagaraEmitterScalabilityMode_Limited.uasset" 67
"../../../Engine/Plugins/FX/Niagara/Content/Enums/ENiagaraEmitterScalabilityMode_Limited.uexp" 68
"D:/Projects/BloodyGalaxies/Content/Materials/M_ParticleBase.uasset" 69
"D:/Projects/BloodyGalaxies/Content/Materials/M_ParticleBase.uexp" 70
"../../../Engine/Plugins/FX/Niagara/Content/Enums/ENiagaraSystemInactiveMode.uasset" 71
"../../../Engine/Plugins/FX/Niagara/Content/Enums/ENiagaraSystemInactiveMode.uexp" 72
"../../../Engine/Plugins/FX/Niagara/Content/Icons/Modules/T_Icon_Particle_InfiniteLife.uasset" 73
"../../../Engine/Plugins/FX/Niagara/Content/Icons/Modules/T_Icon_Particle_InfiniteLife.uexp" 74
"D:/Projects/BloodyGalaxies/Content/Particles/Bullet/NS_BulletTrace.uasset" 75
"D:/Projects/BloodyGalaxies/Content/Particles/Bullet/NS_BulletTrace.uexp" 76
"../../../Engine/Content/EngineMaterials/Good64x64TilingNoiseHighFreq.uasset" 77
"../../../Engine/Content/EngineMaterials/Good64x64TilingNoiseHighFreq.uexp" 78
"../../../Engine/Content/EngineMaterials/DefaultBokeh.uasset" 79
"../../../Engine/Content/EngineMaterials/DefaultBokeh.uexp" 80
"../../../Engine/Content/EngineMaterials/PreintegratedSkinBRDF.uasset" 81
"../../../Engine/Content/EngineMaterials/PreintegratedSkinBRDF.uexp" 82
"../../../Engine/Content/EngineMaterials/MiniFont.uasset" 83
"../../../Engine/Content/EngineMaterials/MiniFont.uexp" 84
"../../../Engine/Content/EngineMaterials/WeightMapPlaceholderTexture.uasset" 85
"../../../Engine/Content/EngineMaterials/WeightMapPlaceholderTexture.uexp" 86
"../../../Engine/Content/EngineMaterials/DefaultWhiteGrid.ubulk" 87
"../../../Engine/Content/EngineMaterials/DefaultWhiteGrid.uasset" 88
"../../../Engine/Content/EngineMaterials/DefaultWhiteGrid.uexp" 89
"../../../Engine/Content/MobileResources/HUD/VirtualJoystick_Background.uasset" 90
"../../../Engine/Content/MobileResources/HUD/VirtualJoystick_Background.uexp" 91
"D:/Projects/BloodyGalaxies/Content/Textures/TouchUI/T_Jump.uasset" 92
"D:/Projects/BloodyGalaxies/Content/Textures/TouchUI/T_Jump.uexp" 93
"D:/Projects/BloodyGalaxies/Content/Textures/TouchUI/T_Shoot.uasset" 94
"D:/Projects/BloodyGalaxies/Content/Textures/TouchUI/T_Shoot.uexp" 95
"../../../Engine/Content/MobileResources/HUD/VirtualJoystick_Thumb.uasset" 96
"../../../Engine/Content/MobileResources/HUD/VirtualJoystick_Thumb.uexp" 97
"D:/Projects/BloodyGalaxies/Content/TSS_Default.uasset" 98
"D:/Projects/BloodyGalaxies/Content/TSS_Default.uexp" 99
"../../../Engine/Plugins/Interchange/Runtime/Content/gltf/MaterialFunctions/MF_RotateV2.uasset" 100
"../../../Engine/Plugins/Interchange/Runtime/Content/gltf/MaterialFunctions/MF_RotateV2.uexp" 101
"../../../Engine/Plugins/Interchange/Runtime/Content/gltf/MaterialFunctions/MF_TransformUVs.uasset" 102
"../../../Engine/Plugins/Interchange/Runtime/Content/gltf/MaterialFunctions/MF_TransformUVs.uexp" 103
"../../../Engine/Plugins/Interchange/Runtime/Content/gltf/Textures/T_White_srgb.uasset" 104
"../../../Engine/Plugins/Interchange/Runtime/Content/gltf/Textures/T_White_srgb.uexp" 105
"../../../Engine/Plugins/Interchange/Runtime/Content/gltf/MaterialFunctions/MF_BaseColor.uasset" 106
"../../../Engine/Plugins/Interchange/Runtime/Content/gltf/MaterialFunctions/MF_BaseColor.uexp" 107
"../../../Engine/Plugins/Interchange/Runtime/Content/gltf/MaterialFunctions/MF_DiffuseSpecGloss.uasset" 108
"../../../Engine/Plugins/Interchange/Runtime/Content/gltf/MaterialFunctions/MF_DiffuseSpecGloss.uexp" 109
"../../../Engine/Plugins/Interchange/Runtime/Content/gltf/Textures/T_White_Linear.uasset" 110
"../../../Engine/Plugins/Interchange/Runtime/Content/gltf/Textures/T_White_Linear.uexp" 111
"../../../Engine/Plugins/Interchange/Runtime/Content/gltf/MaterialFunctions/MF_MetallicRoughness.uasset" 112
"../../../Engine/Plugins/Interchange/Runtime/Content/gltf/MaterialFunctions/MF_MetallicRoughness.uexp" 113
"../../../Engine/Content/Functions/Engine_MaterialFunctions02/Utility/BreakOutFloat3Components.uasset" 114
"../../../Engine/Content/Functions/Engine_MaterialFunctions02/Utility/BreakOutFloat3Components.uexp" 115
"../../../Engine/Content/Functions/Engine_MaterialFunctions02/Math/Transform3x3Matrix.uasset" 116
"../../../Engine/Content/Functions/Engine_MaterialFunctions02/Math/Transform3x3Matrix.uexp" 117
"../../../Engine/Content/Functions/Engine_MaterialFunctions02/Utility/MakeFloat3.uasset" 118
"../../../Engine/Content/Functions/Engine_MaterialFunctions02/Utility/MakeFloat3.uexp" 119
"../../../Engine/Plugins/Interchange/Runtime/Content/gltf/MaterialFunctions/MF_RotateNormals_TS.uasset" 120
"../../../Engine/Plugins/Interchange/Runtime/Content/gltf/MaterialFunctions/MF_RotateNormals_TS.uexp" 121
"../../../Engine/Plugins/Interchange/Runtime/Content/gltf/Textures/T_Generic_N.uasset" 122
"../../../Engine/Plugins/Interchange/Runtime/Content/gltf/Textures/T_Generic_N.uexp" 123
"../../../Engine/Plugins/Interchange/Runtime/Content/gltf/MaterialFunctions/MF_Clearcoat.uasset" 124
"../../../Engine/Plugins/Interchange/Runtime/Content/gltf/MaterialFunctions/MF_Clearcoat.uexp" 125
"../../../Engine/Plugins/Interchange/Runtime/Content/gltf/MaterialFunctions/MF_Occlusion.uasset" 126
"../../../Engine/Plugins/Interchange/Runtime/Content/gltf/MaterialFunctions/MF_Occlusion.uexp" 127
"../../../Engine/Plugins/Interchange/Runtime/Content/gltf/MaterialFunctions/MF_Emissive.uasset" 128
"../../../Engine/Plugins/Interchange/Runtime/Content/gltf/MaterialFunctions/MF_Emissive.uexp" 129
"../../../Engine/Plugins/Interchange/Runtime/Content/gltf/MaterialFunctions/MF_Specular.uasset" 130
"../../../Engine/Plugins/Interchange/Runtime/Content/gltf/MaterialFunctions/MF_Specular.uexp" 131
"../../../Engine/Plugins/Interchange/Runtime/Content/gltf/MaterialFunctions/MF_IOR.uasset" 132
"../../../Engine/Plugins/Interchange/Runtime/Content/gltf/MaterialFunctions/MF_IOR.uexp" 133
"../../../Engine/Content/Functions/Engine_MaterialFunctions01/Texturing/FlattenNormal.uasset" 134
"../../../Engine/Content/Functions/Engine_MaterialFunctions01/Texturing/FlattenNormal.uexp" 135
"../../../Engine/Plugins/Interchange/Runtime/Content/gltf/MaterialFunctions/MF_Normals.uasset" 136
"../../../Engine/Plugins/Interchange/Runtime/Content/gltf/MaterialFunctions/MF_Normals.uexp" 137
"../../../Engine/Content/Functions/Engine_MaterialFunctions02/Math/AddComponents.uasset" 138
"../../../Engine/Content/Functions/Engine_MaterialFunctions02/Math/AddComponents.uexp" 139
"../../../Engine/Plugins/Interchange/Runtime/Content/gltf/MaterialFunctions/MF_PerceivedBrightness.uasset" 140
"../../../Engine/Plugins/Interchange/Runtime/Content/gltf/MaterialFunctions/MF_PerceivedBrightness.uexp" 141
"../../../Engine/Plugins/Interchange/Runtime/Content/gltf/MaterialFunctions/MF_SpecGlossToMetalRoughness.uasset" 142
"../../../Engine/Plugins/Interchange/Runtime/Content/gltf/MaterialFunctions/MF_SpecGlossToMetalRoughness.uexp" 143
"../../../Engine/Plugins/Interchange/Runtime/Content/gltf/M_Opaque.uasset" 144
"../../../Engine/Plugins/Interchange/Runtime/Content/gltf/M_Opaque.uexp" 145
"../../../Engine/Plugins/Interchange/Runtime/Content/gltf/MaterialInstances_SG/MI_Opaque_ClearCoat.uasset" 146
"../../../Engine/Plugins/Interchange/Runtime/Content/gltf/MaterialInstances_SG/MI_Opaque_ClearCoat.uexp" 147
"../../../Engine/Plugins/Interchange/Runtime/Content/gltf/MaterialInstances_SG/MI_Opaque.uasset" 148
"../../../Engine/Plugins/Interchange/Runtime/Content/gltf/MaterialInstances_SG/MI_Opaque.uexp" 149
"../../../Engine/Plugins/Interchange/Runtime/Content/gltf/Textures/T_Gray_Linear.uasset" 150
"../../../Engine/Plugins/Interchange/Runtime/Content/gltf/Textures/T_Gray_Linear.uexp" 151
"../../../Engine/Plugins/Interchange/Runtime/Content/gltf/MaterialFunctions/MF_Transmission.uasset" 152
"../../../Engine/Plugins/Interchange/Runtime/Content/gltf/MaterialFunctions/MF_Transmission.uexp" 153
"../../../Engine/Content/Functions/Engine_MaterialFunctions02/Texturing/CustomRotator.uasset" 154
"../../../Engine/Content/Functions/Engine_MaterialFunctions02/Texturing/CustomRotator.uexp" 155
"../../../Engine/Content/Functions/Engine_MaterialFunctions02/Texturing/ScreenAlignedPixelToPixelUVs.uasset" 156
"../../../Engine/Content/Functions/Engine_MaterialFunctions02/Texturing/ScreenAlignedPixelToPixelUVs.uexp" 157
"../../../Engine/Plugins/Interchange/Runtime/Content/Utilities/T_Bayer64_Grayscale_64px.uasset" 158
"../../../Engine/Plugins/Interchange/Runtime/Content/Utilities/T_Bayer64_Grayscale_64px.uexp" 159
"../../../Engine/Plugins/Interchange/Runtime/Content/gltf/MaterialFunctions/MF_Temporal_Blur.uasset" 160
"../../../Engine/Plugins/Interchange/Runtime/Content/gltf/MaterialFunctions/MF_Temporal_Blur.uexp" 161
"../../../Engine/Plugins/Interchange/Runtime/Content/gltf/MaterialFunctions/MF_Fresnel_DS.uasset" 162
"../../../Engine/Plugins/Interchange/Runtime/Content/gltf/MaterialFunctions/MF_Fresnel_DS.uexp" 163
"../../../Engine/Plugins/Interchange/Runtime/Content/gltf/M_Transmission.uasset" 164
"../../../Engine/Plugins/Interchange/Runtime/Content/gltf/M_Transmission.uexp" 165
"../../../Engine/Plugins/Interchange/Runtime/Content/gltf/MaterialInstances_MR/MI_Transmission_TS.uasset" 166
"../../../Engine/Plugins/Interchange/Runtime/Content/gltf/MaterialInstances_MR/MI_Transmission_TS.uexp" 167
"../../../Engine/Plugins/Interchange/Runtime/Content/gltf/MaterialInstances_MR/MI_Transmission.uasset" 168
"../../../Engine/Plugins/Interchange/Runtime/Content/gltf/MaterialInstances_MR/MI_Transmission.uexp" 169
"../../../Engine/Plugins/Interchange/Runtime/Content/gltf/M_Translucent.uasset" 170
"../../../Engine/Plugins/Interchange/Runtime/Content/gltf/M_Translucent.uexp" 171
"../../../Engine/Plugins/Interchange/Runtime/Content/gltf/MaterialInstances_MR/MI_Translucent_TS.uasset" 172
"../../../Engine/Plugins/Interchange/Runtime/Content/gltf/MaterialInstances_MR/MI_Translucent_TS.uexp" 173
"../../../Engine/Plugins/Interchange/Runtime/Content/gltf/MaterialInstances_MR/MI_Translucent_ClearCoat_TS.uasset" 174
"../../../Engine/Plugins/Interchange/Runtime/Content/gltf/MaterialInstances_MR/MI_Translucent_ClearCoat_TS.uexp" 175
"../../../Engine/Plugins/Interchange/Runtime/Content/gltf/MaterialInstances_MR/MI_Translucent_ClearCoat.uasset" 176
"../../../Engine/Plugins/Interchange/Runtime/Content/gltf/MaterialInstances_MR/MI_Translucent_ClearCoat.uexp" 177
"../../../Engine/Plugins/Interchange/Runtime/Content/gltf/MaterialFunctions/MF_Sheen.uasset" 178
"../../../Engine/Plugins/Interchange/Runtime/Content/gltf/MaterialFunctions/MF_Sheen.uexp" 179
"../../../Engine/Content/Functions/Engine_MaterialFunctions01/Shading/FuzzyShading.uasset" 180
"../../../Engine/Content/Functions/Engine_MaterialFunctions01/Shading/FuzzyShading.uexp" 181
"../../../Engine/Plugins/Interchange/Runtime/Content/gltf/M_Sheen.uasset" 182
"../../../Engine/Plugins/Interchange/Runtime/Content/gltf/M_Sheen.uexp" 183
"../../../Engine/Plugins/Interchange/Runtime/Content/gltf/MaterialInstances_MR/MI_Opaque_Sheen_TS.uasset" 184
"../../../Engine/Plugins/Interchange/Runtime/Content/gltf/MaterialInstances_MR/MI_Opaque_Sheen_TS.uexp" 185
"../../../Engine/Plugins/Interchange/Runtime/Content/gltf/MaterialInstances_MR/MI_Opaque_Sheen.uasset" 186
"../../../Engine/Plugins/Interchange/Runtime/Content/gltf/MaterialInstances_MR/MI_Opaque_Sheen.uexp" 187
"../../../Engine/Plugins/Interchange/Runtime/Content/gltf/MaterialInstances_MR/MI_Opaque_ClearCoat_TS.uasset" 188
"../../../Engine/Plugins/Interchange/Runtime/Content/gltf/MaterialInstances_MR/MI_Opaque_ClearCoat_TS.uexp" 189
"../../../Engine/Plugins/Interchange/Runtime/Content/gltf/MaterialInstances_MR/MI_Opaque_ClearCoat.uasset" 190
"../../../Engine/Plugins/Interchange/Runtime/Content/gltf/MaterialInstances_MR/MI_Opaque_ClearCoat.uexp" 191
"../../../Engine/Plugins/Interchange/Runtime/Content/gltf/MaterialInstances_SG/MI_Opaque_Sheen_TS.uasset" 192
"../../../Engine/Plugins/Interchange/Runtime/Content/gltf/MaterialInstances_SG/MI_Opaque_Sheen_TS.uexp" 193
"../../../Engine/Plugins/Interchange/Runtime/Content/gltf/MaterialInstances_SG/MI_Opaque_Sheen.uasset" 194
"../../../Engine/Plugins/Interchange/Runtime/Content/gltf/MaterialInstances_SG/MI_Opaque_Sheen.uexp" 195
"../../../Engine/Plugins/Interchange/Runtime/Content/gltf/MaterialInstances_SG/MI_Opaque_ClearCoat_TS.uasset" 196
"../../../Engine/Plugins/Interchange/Runtime/Content/gltf/MaterialInstances_SG/MI_Opaque_ClearCoat_TS.uexp" 197
"../../../Engine/Content/Functions/Engine_MaterialFunctions01/Shading/ConvertFromDiffSpec.uasset" 198
"../../../Engine/Content/Functions/Engine_MaterialFunctions01/Shading/ConvertFromDiffSpec.uexp" 199
"../../../Engine/Plugins/Interchange/Runtime/Content/Materials/MapOrLinearColorFunction.uasset" 200
"../../../Engine/Plugins/Interchange/Runtime/Content/Materials/MapOrLinearColorFunction.uexp" 201
"../../../Engine/Content/EngineMaterials/DefaultNormal.ubulk" 202
"../../../Engine/Content/EngineMaterials/DefaultNormal.uasset" 203
"../../../Engine/Content/EngineMaterials/DefaultNormal.uexp" 204
"../../../Engine/Plugins/Interchange/Runtime/Content/Materials/MapOrScalarFunction.uasset" 205
"../../../Engine/Plugins/Interchange/Runtime/Content/Materials/MapOrScalarFunction.uexp" 206
"../../../Engine/Plugins/Interchange/Runtime/Content/Materials/MapOrColorFunction.uasset" 207
"../../../Engine/Plugins/Interchange/Runtime/Content/Materials/MapOrColorFunction.uexp" 208
"../../../Engine/Content/EngineMaterials/BaseFlattenLinearColor.uasset" 209
"../../../Engine/Content/EngineMaterials/BaseFlattenLinearColor.uexp" 210
"../../../Engine/Plugins/Interchange/Runtime/Content/Materials/PhongSurfaceMaterial.uasset" 211
"../../../Engine/Plugins/Interchange/Runtime/Content/Materials/PhongSurfaceMaterial.uexp" 212
"D:/Projects/BloodyGalaxies/Content/Audio/SC_Sound.uasset" 213
"D:/Projects/BloodyGalaxies/Content/Audio/SC_Sound.uexp" 214
"D:/Projects/BloodyGalaxies/Content/Audio/Player/SW_Ricochet4.ubulk" 215
"D:/Projects/BloodyGalaxies/Content/Audio/Player/SW_Ricochet4.uasset" 216
"D:/Projects/BloodyGalaxies/Content/Audio/Player/SW_Ricochet4.uexp" 217
"D:/Projects/BloodyGalaxies/Content/Audio/Player/SW_Ricochet5.ubulk" 218
"D:/Projects/BloodyGalaxies/Content/Audio/Player/SW_Ricochet5.uasset" 219
"D:/Projects/BloodyGalaxies/Content/Audio/Player/SW_Ricochet5.uexp" 220
"D:/Projects/BloodyGalaxies/Content/Audio/Player/SW_Ricochet2.ubulk" 221
"D:/Projects/BloodyGalaxies/Content/Audio/Player/SW_Ricochet2.uasset" 222
"D:/Projects/BloodyGalaxies/Content/Audio/Player/SW_Ricochet2.uexp" 223
"D:/Projects/BloodyGalaxies/Content/Audio/Player/SW_Ricochet1.ubulk" 224
"D:/Projects/BloodyGalaxies/Content/Audio/Player/SW_Ricochet1.uasset" 225
"D:/Projects/BloodyGalaxies/Content/Audio/Player/SW_Ricochet1.uexp" 226
"D:/Projects/BloodyGalaxies/Content/Audio/Player/SW_Ricochet3.ubulk" 227
"D:/Projects/BloodyGalaxies/Content/Audio/Player/SW_Ricochet3.uasset" 228
"D:/Projects/BloodyGalaxies/Content/Audio/Player/SW_Ricochet3.uexp" 229
"D:/Projects/BloodyGalaxies/Content/Audio/Player/SC_Ricochet.uasset" 230
"D:/Projects/BloodyGalaxies/Content/Audio/Player/SC_Ricochet.uexp" 231
"D:/Projects/BloodyGalaxies/Content/Audio/Player/SW_Pain3.ubulk" 232
"D:/Projects/BloodyGalaxies/Content/Audio/Player/SW_Pain3.uasset" 233
"D:/Projects/BloodyGalaxies/Content/Audio/Player/SW_Pain3.uexp" 234
"D:/Projects/BloodyGalaxies/Content/Audio/Player/SW_Pain5.ubulk" 235
"D:/Projects/BloodyGalaxies/Content/Audio/Player/SW_Pain5.uasset" 236
"D:/Projects/BloodyGalaxies/Content/Audio/Player/SW_Pain5.uexp" 237
"D:/Projects/BloodyGalaxies/Content/Audio/Player/SW_Pain1.ubulk" 238
"D:/Projects/BloodyGalaxies/Content/Audio/Player/SW_Pain1.uasset" 239
"D:/Projects/BloodyGalaxies/Content/Audio/Player/SW_Pain1.uexp" 240
"D:/Projects/BloodyGalaxies/Content/Audio/Player/SW_Pain2.ubulk" 241
"D:/Projects/BloodyGalaxies/Content/Audio/Player/SW_Pain2.uasset" 242
"D:/Projects/BloodyGalaxies/Content/Audio/Player/SW_Pain2.uexp" 243
"D:/Projects/BloodyGalaxies/Content/Audio/Player/SW_Pain4.ubulk" 244
"D:/Projects/BloodyGalaxies/Content/Audio/Player/SW_Pain4.uasset" 245
"D:/Projects/BloodyGalaxies/Content/Audio/Player/SW_Pain4.uexp" 246
"D:/Projects/BloodyGalaxies/Content/Audio/Player/SC_Pain.uasset" 247
"D:/Projects/BloodyGalaxies/Content/Audio/Player/SC_Pain.uexp" 248
"D:/Projects/BloodyGalaxies/Content/Audio/Player/SW_MetalFootstep1.ubulk" 249
"D:/Projects/BloodyGalaxies/Content/Audio/Player/SW_MetalFootstep1.uasset" 250
"D:/Projects/BloodyGalaxies/Content/Audio/Player/SW_MetalFootstep1.uexp" 251
"D:/Projects/BloodyGalaxies/Content/Audio/Player/SW_MetalFootstep4.ubulk" 252
"D:/Projects/BloodyGalaxies/Content/Audio/Player/SW_MetalFootstep4.uasset" 253
"D:/Projects/BloodyGalaxies/Content/Audio/Player/SW_MetalFootstep4.uexp" 254
"D:/Projects/BloodyGalaxies/Content/Audio/Player/SW_MetalFootstep3.ubulk" 255
"D:/Projects/BloodyGalaxies/Content/Audio/Player/SW_MetalFootstep3.uasset" 256
"D:/Projects/BloodyGalaxies/Content/Audio/Player/SW_MetalFootstep3.uexp" 257
"D:/Projects/BloodyGalaxies/Content/Audio/Player/SW_MetalFootstep2.ubulk" 258
"D:/Projects/BloodyGalaxies/Content/Audio/Player/SW_MetalFootstep2.uasset" 259
"D:/Projects/BloodyGalaxies/Content/Audio/Player/SW_MetalFootstep2.uexp" 260
"D:/Projects/BloodyGalaxies/Content/Audio/Player/SC_MetalFootstep.uasset" 261
"D:/Projects/BloodyGalaxies/Content/Audio/Player/SC_MetalFootstep.uexp" 262
"D:/Projects/BloodyGalaxies/Content/Audio/Player/SW_LaserShot.ubulk" 263
"D:/Projects/BloodyGalaxies/Content/Audio/Player/SW_LaserShot.uasset" 264
"D:/Projects/BloodyGalaxies/Content/Audio/Player/SW_LaserShot.uexp" 265
"D:/Projects/BloodyGalaxies/Content/Audio/Player/SC_LaserShot.uasset" 266
"D:/Projects/BloodyGalaxies/Content/Audio/Player/SC_LaserShot.uexp" 267
"D:/Projects/BloodyGalaxies/Content/Audio/Player/SW_LaserHit1.ubulk" 268
"D:/Projects/BloodyGalaxies/Content/Audio/Player/SW_LaserHit1.uasset" 269
"D:/Projects/BloodyGalaxies/Content/Audio/Player/SW_LaserHit1.uexp" 270
"D:/Projects/BloodyGalaxies/Content/Audio/Player/SW_LaserHit2.ubulk" 271
"D:/Projects/BloodyGalaxies/Content/Audio/Player/SW_LaserHit2.uasset" 272
"D:/Projects/BloodyGalaxies/Content/Audio/Player/SW_LaserHit2.uexp" 273
"D:/Projects/BloodyGalaxies/Content/Audio/Player/SC_LaserHit.uasset" 274
"D:/Projects/BloodyGalaxies/Content/Audio/Player/SC_LaserHit.uexp" 275
"D:/Projects/BloodyGalaxies/Content/Audio/Player/SW_BoosterPickUp.ubulk" 276
"D:/Projects/BloodyGalaxies/Content/Audio/Player/SW_BoosterPickUp.uasset" 277
"D:/Projects/BloodyGalaxies/Content/Audio/Player/SW_BoosterPickUp.uexp" 278
"D:/Projects/BloodyGalaxies/Content/Audio/Player/SC_BoosterPickUp.uasset" 279
"D:/Projects/BloodyGalaxies/Content/Audio/Player/SC_BoosterPickUp.uexp" 280
"../../../Engine/Plugins/Interchange/Runtime/Content/gltf/MaterialInstances_SG/MI_Opaque_TS.uasset" 281
"../../../Engine/Plugins/Interchange/Runtime/Content/gltf/MaterialInstances_SG/MI_Opaque_TS.uexp" 282
"../../../Engine/Plugins/Interchange/Runtime/Content/gltf/Textures/T_Black_srgb.uasset" 283
"../../../Engine/Plugins/Interchange/Runtime/Content/gltf/Textures/T_Black_srgb.uexp" 284
"../../../Engine/Plugins/Interchange/Runtime/Content/gltf/MaterialInstances_SG/MI_Transmission_TS.uasset" 285
"../../../Engine/Plugins/Interchange/Runtime/Content/gltf/MaterialInstances_SG/MI_Transmission_TS.uexp" 286
"../../../Engine/Plugins/Interchange/Runtime/Content/gltf/MaterialInstances_SG/MI_Transmission.uasset" 287
"../../../Engine/Plugins/Interchange/Runtime/Content/gltf/MaterialInstances_SG/MI_Transmission.uexp" 288
"../../../Engine/Plugins/Interchange/Runtime/Content/gltf/MaterialInstances_SG/MI_Translucent_TS.uasset" 289
"../../../Engine/Plugins/Interchange/Runtime/Content/gltf/MaterialInstances_SG/MI_Translucent_TS.uexp" 290
"../../../Engine/Plugins/Interchange/Runtime/Content/gltf/MaterialInstances_MR/MI_Opaque.uasset" 291
"../../../Engine/Plugins/Interchange/Runtime/Content/gltf/MaterialInstances_MR/MI_Opaque.uexp" 292
"../../../Engine/Plugins/Interchange/Runtime/Content/gltf/MaterialInstances_SG/MI_Translucent_ClearCoat.uasset" 293
"../../../Engine/Plugins/Interchange/Runtime/Content/gltf/MaterialInstances_SG/MI_Translucent_ClearCoat.uexp" 294
"../../../Engine/Plugins/Interchange/Runtime/Content/gltf/MaterialInstances_SG/MI_Translucent.uasset" 295
"../../../Engine/Plugins/Interchange/Runtime/Content/gltf/MaterialInstances_SG/MI_Translucent.uexp" 296
"../../../Engine/Plugins/Interchange/Runtime/Content/gltf/MaterialInstances_MR/MI_Translucent.uasset" 297
"../../../Engine/Plugins/Interchange/Runtime/Content/gltf/MaterialInstances_MR/MI_Translucent.uexp" 298
"../../../Engine/Plugins/Interchange/Runtime/Content/gltf/M_Unlit.uasset" 299
"../../../Engine/Plugins/Interchange/Runtime/Content/gltf/M_Unlit.uexp" 300
"../../../Engine/Plugins/Interchange/Runtime/Content/gltf/MaterialInstances_MR/MI_Opaque_Unlit_TS.uasset" 301
"../../../Engine/Plugins/Interchange/Runtime/Content/gltf/MaterialInstances_MR/MI_Opaque_Unlit_TS.uexp" 302
"D:/Projects/BloodyGalaxies/Content/Textures/CommonUI/T_Pause.uasset" 303
"D:/Projects/BloodyGalaxies/Content/Textures/CommonUI/T_Pause.uexp" 304
"D:/Projects/BloodyGalaxies/Content/UserWidgets/UW_MinimapCorridor.uasset" 305
"D:/Projects/BloodyGalaxies/Content/UserWidgets/UW_MinimapCorridor.uexp" 306
"D:/Projects/BloodyGalaxies/Content/UserWidgets/UW_MinimapRoom.uasset" 307
"D:/Projects/BloodyGalaxies/Content/UserWidgets/UW_MinimapRoom.uexp" 308
"../../../Engine/Content/Functions/Engine_MaterialFunctions02/Utility/VectorToRadialValue.uasset" 309
"../../../Engine/Content/Functions/Engine_MaterialFunctions02/Utility/VectorToRadialValue.uexp" 310
"../../../Engine/Content/Functions/Engine_MaterialFunctions02/Utility/MakeFloat2.uasset" 311
"../../../Engine/Content/Functions/Engine_MaterialFunctions02/Utility/MakeFloat2.uexp" 312
"../../../Engine/Content/Functions/Engine_MaterialFunctions02/Utility/BreakOutFloat2Components.uasset" 313
"../../../Engine/Content/Functions/Engine_MaterialFunctions02/Utility/BreakOutFloat2Components.uexp" 314
"../../../Engine/Content/Functions/Engine_MaterialFunctions01/Density/ExponentialDensity.uasset" 315
"../../../Engine/Content/Functions/Engine_MaterialFunctions01/Density/ExponentialDensity.uexp" 316
"../../../Engine/Content/Functions/Engine_MaterialFunctions01/Gradient/RadialGradientExponential.uasset" 317
"../../../Engine/Content/Functions/Engine_MaterialFunctions01/Gradient/RadialGradientExponential.uexp" 318
"D:/Projects/BloodyGalaxies/Content/Materials/M_RadialProgressBar.uasset" 319
"D:/Projects/BloodyGalaxies/Content/Materials/M_RadialProgressBar.uexp" 320
"D:/Projects/BloodyGalaxies/Content/Materials/MI_OverheatProgressBar.uasset" 321
"D:/Projects/BloodyGalaxies/Content/Materials/MI_OverheatProgressBar.uexp" 322
"D:/Projects/BloodyGalaxies/Content/Audio/UI/SW_Select.ubulk" 323
"D:/Projects/BloodyGalaxies/Content/Audio/UI/SW_Select.uasset" 324
"D:/Projects/BloodyGalaxies/Content/Audio/UI/SW_Select.uexp" 325
"D:/Projects/BloodyGalaxies/Content/Audio/UI/SC_Select.uasset" 326
"D:/Projects/BloodyGalaxies/Content/Audio/UI/SC_Select.uexp" 327
"D:/Projects/BloodyGalaxies/Content/Fonts/Play/FF_PlayRegular.uexp" 328
"D:/Projects/BloodyGalaxies/Content/Fonts/Play/FF_PlayRegular.uasset" 329
"D:/Projects/BloodyGalaxies/Content/Fonts/Play/FF_PlayRegular.ufont" 330
"D:/Projects/BloodyGalaxies/Content/Fonts/Play/F_PlayRegular.uasset" 331
"D:/Projects/BloodyGalaxies/Content/Fonts/Play/F_PlayRegular.uexp" 332
"D:/Projects/BloodyGalaxies/Content/UserWidgets/UW_PauseMenu.uasset" 333
"D:/Projects/BloodyGalaxies/Content/UserWidgets/UW_PauseMenu.uexp" 334
"D:/Projects/BloodyGalaxies/Content/Audio/Player/SW_LevelUp.ubulk" 335
"D:/Projects/BloodyGalaxies/Content/Audio/Player/SW_LevelUp.uasset" 336
"D:/Projects/BloodyGalaxies/Content/Audio/Player/SW_LevelUp.uexp" 337
"D:/Projects/BloodyGalaxies/Content/Audio/Player/SC_LevelUp.uasset" 338
"D:/Projects/BloodyGalaxies/Content/Audio/Player/SC_LevelUp.uexp" 339
"D:/Projects/BloodyGalaxies/Content/UserWidgets/C_OverheatColor.uasset" 340
"D:/Projects/BloodyGalaxies/Content/UserWidgets/C_OverheatColor.uexp" 341
"D:/Projects/BloodyGalaxies/Content/UserWidgets/C_HealthColor.uasset" 342
"D:/Projects/BloodyGalaxies/Content/UserWidgets/C_HealthColor.uexp" 343
"D:/Projects/BloodyGalaxies/Content/Textures/CommonUI/T_PlayerMarker.uasset" 344
"D:/Projects/BloodyGalaxies/Content/Textures/CommonUI/T_PlayerMarker.uexp" 345
"D:/Projects/BloodyGalaxies/Content/Textures/CommonUI/T_Slider.uasset" 346
"D:/Projects/BloodyGalaxies/Content/Textures/CommonUI/T_Slider.uexp" 347
"D:/Projects/BloodyGalaxies/Content/Materials/M_BoostIcon.uasset" 348
"D:/Projects/BloodyGalaxies/Content/Materials/M_BoostIcon.uexp" 349
"D:/Projects/BloodyGalaxies/Content/Textures/Boosters/T_FirstAid.uasset" 350
"D:/Projects/BloodyGalaxies/Content/Textures/Boosters/T_FirstAid.uexp" 351
"D:/Projects/BloodyGalaxies/Content/Textures/Boosters/T_Prism.uasset" 352
"D:/Projects/BloodyGalaxies/Content/Textures/Boosters/T_Prism.uexp" 353
"D:/Projects/BloodyGalaxies/Content/Textures/Boosters/T_Accelerator.uasset" 354
"D:/Projects/BloodyGalaxies/Content/Textures/Boosters/T_Accelerator.uexp" 355
"D:/Projects/BloodyGalaxies/Content/Textures/Boosters/T_Refrigerant.uasset" 356
"D:/Projects/BloodyGalaxies/Content/Textures/Boosters/T_Refrigerant.uexp" 357
"D:/Projects/BloodyGalaxies/Content/UserWidgets/UW_BoosterIcon.uasset" 358
"D:/Projects/BloodyGalaxies/Content/UserWidgets/UW_BoosterIcon.uexp" 359
"D:/Projects/BloodyGalaxies/Content/UserWidgets/UW_PlayerUI.uasset" 360
"D:/Projects/BloodyGalaxies/Content/UserWidgets/UW_PlayerUI.uexp" 361
"D:/Projects/BloodyGalaxies/Content/UserWidgets/UW_DeathMenu.uasset" 362
"D:/Projects/BloodyGalaxies/Content/UserWidgets/UW_DeathMenu.uexp" 363
"../../../Engine/Content/Animation/DefaultRecorderBoneCompression.uasset" 364
"../../../Engine/Content/Animation/DefaultRecorderBoneCompression.uexp" 365
"../../../Engine/Content/Animation/DefaultAnimCurveCompressionSettings.uasset" 366
"../../../Engine/Content/Animation/DefaultAnimCurveCompressionSettings.uexp" 367
"../../../Engine/Content/Animation/DefaultAnimBoneCompressionSettings.uasset" 368
"../../../Engine/Content/Animation/DefaultAnimBoneCompressionSettings.uexp" 369
"../../../Engine/Content/BasicShapes/Plane.uasset" 370
"../../../Engine/Content/BasicShapes/Plane.uexp" 371
"../../../Engine/Content/EngineMaterials/DefaultMaterial.uasset" 372
"../../../Engine/Content/EngineMaterials/DefaultMaterial.uexp" 373
"../../../Engine/Content/BasicShapes/Cylinder.uasset" 374
"../../../Engine/Content/BasicShapes/Cylinder.uexp" 375
"../../../Engine/Content/BasicShapes/Cone.uasset" 376
"../../../Engine/Content/BasicShapes/Cone.uexp" 377
"../../../Engine/Content/EngineMaterials/FlatNormal.uasset" 378
"../../../Engine/Content/EngineMaterials/FlatNormal.uexp" 379
"../../../Engine/Plugins/Interchange/Runtime/Content/Functions/MF_OrenNayerView.uasset" 380
"../../../Engine/Plugins/Interchange/Runtime/Content/Functions/MF_OrenNayerView.uexp" 381
"../../../Engine/Plugins/Interchange/Runtime/Content/Functions/MF_SchlickApprox.uasset" 382
"../../../Engine/Plugins/Interchange/Runtime/Content/Functions/MF_SchlickApprox.uexp" 383
"../../../Engine/Plugins/Interchange/Runtime/Content/Utilities/New_LUT.uasset" 384
"../../../Engine/Plugins/Interchange/Runtime/Content/Utilities/New_LUT.uexp" 385
"../../../Engine/Content/Functions/Engine_MaterialFunctions03/Math/RemapValueRange.uasset" 386
"../../../Engine/Content/Functions/Engine_MaterialFunctions03/Math/RemapValueRange.uexp" 387
"../../../Engine/Plugins/Interchange/Runtime/Content/Functions/MF_Iridescence.uasset" 388
"../../../Engine/Plugins/Interchange/Runtime/Content/Functions/MF_Iridescence.uexp" 389
"../../../Engine/Plugins/Interchange/Runtime/Content/Materials/OrenNayerMaterial.uasset" 390
"../../../Engine/Plugins/Interchange/Runtime/Content/Materials/OrenNayerMaterial.uexp" 391
"../../../Engine/Content/Functions/Engine_MaterialFunctions02/Utility/MakeFloat4.uasset" 392
"../../../Engine/Content/Functions/Engine_MaterialFunctions02/Utility/MakeFloat4.uexp" 393
"../../../Engine/Plugins/Interchange/Runtime/Content/Materials/CommonMaterial.uasset" 394
"../../../Engine/Plugins/Interchange/Runtime/Content/Materials/CommonMaterial.uexp" 395
"../../../Engine/Plugins/Interchange/Runtime/Content/Materials/LambertSurfaceMaterial.uasset" 396
"../../../Engine/Plugins/Interchange/Runtime/Content/Materials/LambertSurfaceMaterial.uexp" 397
"../../../Engine/Plugins/Interchange/Runtime/Content/Materials/PBRSurfaceFunction.uasset" 398
"../../../Engine/Plugins/Interchange/Runtime/Content/Materials/PBRSurfaceFunction.uexp" 399
"../../../Engine/Plugins/Interchange/Runtime/Content/Materials/ClearCoatMaterial.uasset" 400
"../../../Engine/Plugins/Interchange/Runtime/Content/Materials/ClearCoatMaterial.uexp" 401
"../../../Engine/Plugins/Interchange/Runtime/Content/Pipelines/DefaultSceneLevelPipeline.uasset" 402
"../../../Engine/Plugins/Interchange/Runtime/Content/Pipelines/DefaultSceneLevelPipeline.uexp" 403
"../../../Engine/Plugins/Interchange/Runtime/Content/Pipelines/DefaultTexturePipeline.uasset" 404
"../../../Engine/Plugins/Interchange/Runtime/Content/Pipelines/DefaultTexturePipeline.uexp" 405
"../../../Engine/Plugins/Interchange/Runtime/Content/Materials/PBRSurfaceMaterial.uasset" 406
"../../../Engine/Plugins/Interchange/Runtime/Content/Materials/PBRSurfaceMaterial.uexp" 407
"../../../Engine/Plugins/Runtime/MeshModelingToolset/Content/Materials/M_DynamicMeshComponentVtxColor.uasset" 408
"../../../Engine/Plugins/Runtime/MeshModelingToolset/Content/Materials/M_DynamicMeshComponentVtxColor.uexp" 409
"../../../Engine/Plugins/Interchange/Runtime/Content/gltf/MaterialInstances_SG/MI_Translucent_ClearCoat_TS.uasset" 410
"../../../Engine/Plugins/Interchange/Runtime/Content/gltf/MaterialInstances_SG/MI_Translucent_ClearCoat_TS.uexp" 411
"../../../Engine/Content/EngineDamageTypes/DmgTypeBP_Environmental.uasset" 412
"../../../Engine/Content/EngineDamageTypes/DmgTypeBP_Environmental.uexp" 413
"../../../Engine/Content/Functions/Engine_MaterialFunctions02/Utility/CameraDirectionVector.uasset" 414
"../../../Engine/Content/Functions/Engine_MaterialFunctions02/Utility/CameraDirectionVector.uexp" 415
"../../../Engine/Content/EngineDebugMaterials/VolumeToRender.uasset" 416
"../../../Engine/Content/EngineDebugMaterials/VolumeToRender.uexp" 417
"../../../Engine/Content/EngineDebugMaterials/M_VolumeRenderSphereTracePP.uasset" 418
"../../../Engine/Content/EngineDebugMaterials/M_VolumeRenderSphereTracePP.uexp" 419
"../../../Engine/Content/EngineDebugMaterials/M_SimpleUnlitTranslucent.uasset" 420
"../../../Engine/Content/EngineDebugMaterials/M_SimpleUnlitTranslucent.uexp" 421
"../../../Engine/Content/EngineDebugMaterials/DebugMeshMaterial.uasset" 422
"../../../Engine/Content/EngineDebugMaterials/DebugMeshMaterial.uexp" 423
"../../../Engine/Content/EngineDebugMaterials/DebugEditorMaterial.uasset" 424
"../../../Engine/Content/EngineDebugMaterials/DebugEditorMaterial.uexp" 425
"../../../Engine/Content/EngineFonts/Faces/RobotoLight.uexp" 426
"../../../Engine/Content/EngineFonts/Faces/RobotoLight.uasset" 427
"../../../Engine/Content/EngineFonts/Faces/RobotoLight.ufont" 428
"../../../Engine/Content/EngineFonts/Faces/RobotoBold.uexp" 429
"../../../Engine/Content/EngineFonts/Faces/RobotoBold.uasset" 430
"../../../Engine/Content/EngineFonts/Faces/RobotoBold.ufont" 431
"../../../Engine/Content/EngineFonts/Faces/RobotoRegular.uexp" 432
"../../../Engine/Content/EngineFonts/Faces/RobotoRegular.uasset" 433
"../../../Engine/Content/EngineFonts/Faces/RobotoRegular.ufont" 434
"../../../Engine/Content/EngineFonts/Faces/DroidSansFallback.uexp" 435
"../../../Engine/Content/EngineFonts/Faces/DroidSansFallback.uasset" 436
"../../../Engine/Content/EngineFonts/Faces/DroidSansFallback.ufont" 437
"../../../Engine/Content/EngineFonts/Faces/RobotoItalic.uexp" 438
"../../../Engine/Content/EngineFonts/Faces/RobotoItalic.uasset" 439
"../../../Engine/Content/EngineFonts/Faces/RobotoItalic.ufont" 440
"../../../Engine/Content/EngineFonts/Faces/RobotoBoldItalic.uexp" 441
"../../../Engine/Content/EngineFonts/Faces/RobotoBoldItalic.uasset" 442
"../../../Engine/Content/EngineFonts/Faces/RobotoBoldItalic.ufont" 443
"../../../Engine/Content/EngineFonts/Roboto.uasset" 444
"../../../Engine/Content/EngineFonts/Roboto.uexp" 445
"../../../Engine/Content/EngineResources/WhiteSquareTexture.uasset" 446
"../../../Engine/Content/EngineResources/WhiteSquareTexture.uexp" 447
"../../../Engine/Content/EngineMaterials/Widget3DPassThrough.uasset" 448
"../../../Engine/Content/EngineMaterials/Widget3DPassThrough.uexp" 449
"../../../Engine/Content/EngineMaterials/Widget3DPassThrough_Translucent.uasset" 450
"../../../Engine/Content/EngineMaterials/Widget3DPassThrough_Translucent.uexp" 451
"../../../Engine/Content/EngineMaterials/Widget3DPassThrough_Translucent_OneSided.uasset" 452
"../../../Engine/Content/EngineMaterials/Widget3DPassThrough_Translucent_OneSided.uexp" 453
"../../../Engine/Content/EngineMaterials/Widget3DPassThrough_Opaque.uasset" 454
"../../../Engine/Content/EngineMaterials/Widget3DPassThrough_Opaque.uexp" 455
"../../../Engine/Content/EngineMaterials/Widget3DPassThrough_Opaque_OneSided.uasset" 456
"../../../Engine/Content/EngineMaterials/Widget3DPassThrough_Opaque_OneSided.uexp" 457
"../../../Engine/Content/EngineMaterials/Widget3DPassThrough_Masked_OneSided.uasset" 458
"../../../Engine/Content/EngineMaterials/Widget3DPassThrough_Masked_OneSided.uexp" 459
"../../../Engine/Content/EngineMaterials/Widget3DPassThrough_Masked.uasset" 460
"../../../Engine/Content/EngineMaterials/Widget3DPassThrough_Masked.uexp" 461
"../../../Engine/Content/EngineMaterials/STBlueNoise_vec2_128x128x64.uasset" 462
"../../../Engine/Content/EngineMaterials/STBlueNoise_vec2_128x128x64.uexp" 463
"../../../Engine/Content/EngineMaterials/STBlueNoise_scalar_128x128x64.uasset" 464
"../../../Engine/Content/EngineMaterials/STBlueNoise_scalar_128x128x64.uexp" 465
"../../../Engine/Content/EngineMaterials/RemoveSurfaceMaterial.uasset" 466
"../../../Engine/Content/EngineMaterials/RemoveSurfaceMaterial.uexp" 467
"../../../Engine/Content/EngineMaterials/DefaultCalibrationGrayscale.uasset" 468
"../../../Engine/Content/EngineMaterials/DefaultCalibrationGrayscale.uexp" 469
"../../../Engine/Content/EngineMaterials/PPM_DefaultCalibrationGrayscale.uasset" 470
"../../../Engine/Content/EngineMaterials/PPM_DefaultCalibrationGrayscale.uexp" 471
"../../../Engine/Content/EngineMaterials/DefaultCalibrationColor.uasset" 472
"../../../Engine/Content/EngineMaterials/DefaultCalibrationColor.uexp" 473
"../../../Engine/Content/EngineMaterials/PPM_DefaultCalibrationColor.uasset" 474
"../../../Engine/Content/EngineMaterials/PPM_DefaultCalibrationColor.uexp" 475
"../../../Engine/Content/Functions/Engine_MaterialFunctions02/WorldPositionOffset/CameraOffset.uasset" 476
"../../../Engine/Content/Functions/Engine_MaterialFunctions02/WorldPositionOffset/CameraOffset.uexp" 477
"../../../Engine/Content/EngineMaterials/PhAT_JointLimitMaterial.uasset" 478
"../../../Engine/Content/EngineMaterials/PhAT_JointLimitMaterial.uexp" 479
"../../../Engine/Content/EngineMaterials/InvalidLightmapSettings.ubulk" 480
"../../../Engine/Content/EngineMaterials/InvalidLightmapSettings.uasset" 481
"../../../Engine/Content/EngineMaterials/InvalidLightmapSettings.uexp" 482
"../../../Engine/Content/EngineMaterials/M_InvalidLightmapSettings.uasset" 483
"../../../Engine/Content/EngineMaterials/M_InvalidLightmapSettings.uexp" 484
"../../../Engine/Content/EngineMaterials/GizmoMaterial.uasset" 485
"../../../Engine/Content/EngineMaterials/GizmoMaterial.uexp" 486
"../../../Engine/Content/EngineMaterials/BaseFlattenEmissiveMap_VT.uasset" 487
"../../../Engine/Content/EngineMaterials/BaseFlattenEmissiveMap_VT.uexp" 488
"../../../Engine/Content/EngineMaterials/BaseFlattenGrayscaleMap_VT.uasset" 489
"../../../Engine/Content/EngineMaterials/BaseFlattenGrayscaleMap_VT.uexp" 490
"../../../Engine/Content/EngineMaterials/BaseFlattenLinearColor_VT.uasset" 491
"../../../Engine/Content/EngineMaterials/BaseFlattenLinearColor_VT.uexp" 492
"../../../Engine/Content/EngineMaterials/Black_1x1_EXR_Texture_VT.uasset" 493
"../../../Engine/Content/EngineMaterials/Black_1x1_EXR_Texture_VT.uexp" 494
"../../../Engine/Content/EngineMaterials/BaseFlattenDiffuseMap_VT.uasset" 495
"../../../Engine/Content/EngineMaterials/BaseFlattenDiffuseMap_VT.uexp" 496
"../../../Engine/Content/EngineMaterials/BaseFlattenNormalMap_VT.uasset" 497
"../../../Engine/Content/EngineMaterials/BaseFlattenNormalMap_VT.uexp" 498
"../../../Engine/Content/EngineMaterials/FlattenMaterial_WS_Normal_VT.uasset" 499
"../../../Engine/Content/EngineMaterials/FlattenMaterial_WS_Normal_VT.uexp" 500
"../../../Engine/Content/EngineMaterials/FlattenMaterial_VT.uasset" 501
"../../../Engine/Content/EngineMaterials/FlattenMaterial_VT.uexp" 502
"../../../Engine/Content/EngineMaterials/BaseFlattenNormalMap.uasset" 503
"../../../Engine/Content/EngineMaterials/BaseFlattenNormalMap.uexp" 504
"../../../Engine/Content/EngineMaterials/BaseFlattenGrayscaleMap.uasset" 505
"../../../Engine/Content/EngineMaterials/BaseFlattenGrayscaleMap.uexp" 506
"../../../Engine/Content/EngineMaterials/BaseFlattenDiffuseMap.uasset" 507
"../../../Engine/Content/EngineMaterials/BaseFlattenDiffuseMap.uexp" 508
"../../../Engine/Content/Functions/Engine_MaterialFunctions02/PivotPainter2/Black_1x1_EXR_Texture.uasset" 509
"../../../Engine/Content/Functions/Engine_MaterialFunctions02/PivotPainter2/Black_1x1_EXR_Texture.uexp" 510
"../../../Engine/Content/EngineMaterials/BaseFlattenEmissiveMap.uasset" 511
"../../../Engine/Content/EngineMaterials/BaseFlattenEmissiveMap.uexp" 512
"../../../Engine/Content/EngineMaterials/FlattenMaterial.uasset" 513
"../../../Engine/Content/EngineMaterials/FlattenMaterial.uexp" 514
"../../../Engine/Content/EngineMaterials/DefaultWhiteGrid_Low.uasset" 515
"../../../Engine/Content/EngineMaterials/DefaultWhiteGrid_Low.uexp" 516
"../../../Engine/Content/EngineMaterials/EmissiveMeshMaterial.uasset" 517
"../../../Engine/Content/EngineMaterials/EmissiveMeshMaterial.uexp" 518
"../../../Engine/Content/EngineFonts/RobotoDistanceField.uasset" 519
"../../../Engine/Content/EngineFonts/RobotoDistanceField.uexp" 520
"../../../Engine/Content/EngineMaterials/DefaultTextMaterialOpaque.uasset" 521
"../../../Engine/Content/EngineMaterials/DefaultTextMaterialOpaque.uexp" 522
"../../../Engine/Content/EngineMaterials/DefaultDiffuse.ubulk" 523
"../../../Engine/Content/EngineMaterials/DefaultDiffuse.uasset" 524
"../../../Engine/Content/EngineMaterials/DefaultDiffuse.uexp" 525
"../../../Engine/Content/EngineMaterials/DefaultPostProcessMaterial.uasset" 526
"../../../Engine/Content/EngineMaterials/DefaultPostProcessMaterial.uexp" 527
"../../../Engine/Content/EngineMaterials/DefaultPhysicalMaterial.uasset" 528
"../../../Engine/Content/EngineMaterials/DefaultPhysicalMaterial.uexp" 529
"../../../Engine/Content/EngineMaterials/DefaultLightFunctionMaterial.uasset" 530
"../../../Engine/Content/EngineMaterials/DefaultLightFunctionMaterial.uexp" 531
"../../../Engine/Content/EngineMaterials/DefaultDestructiblePhysicalMaterial.uasset" 532
"../../../Engine/Content/EngineMaterials/DefaultDestructiblePhysicalMaterial.uexp" 533
"../../../Engine/Content/EngineMaterials/DefaultDeferredDecalMaterial.uasset" 534
"../../../Engine/Content/EngineMaterials/DefaultDeferredDecalMaterial.uexp" 535
"../../../Engine/Content/EngineMaterials/DefaultBloomKernel.uasset" 536
"../../../Engine/Content/EngineMaterials/DefaultBloomKernel.uexp" 537
"../../../Engine/Content/Functions/Engine_MaterialFunctions02/Utility/VectorLength.uasset" 538
"../../../Engine/Content/Functions/Engine_MaterialFunctions02/Utility/VectorLength.uexp" 539
"../../../Engine/Content/Functions/Engine_MaterialFunctions02/WorldPositionOffset/V2/ObjectScale.uasset" 540
"../../../Engine/Content/Functions/Engine_MaterialFunctions02/WorldPositionOffset/V2/ObjectScale.uexp" 541
"../../../Engine/Content/Functions/Engine_MaterialFunctions02/ObjectLocalBounds.uasset" 542
"../../../Engine/Content/Functions/Engine_MaterialFunctions02/ObjectLocalBounds.uexp" 543
"../../../Engine/Plugins/Interchange/Runtime/Content/gltf/MaterialFunctions/MF_TransmissionOpacity.uasset" 544
"../../../Engine/Plugins/Interchange/Runtime/Content/gltf/MaterialFunctions/MF_TransmissionOpacity.uexp" 545
"../../../Engine/Content/EngineResources/FilmGrains/Marcie_Grain_v3_128_M2_000.uasset" 546
"../../../Engine/Content/EngineResources/FilmGrains/Marcie_Grain_v3_128_M2_000.uexp" 547
"../../../Engine/Content/EngineSky/VolumetricClouds/CloudWeatherTexture.uasset" 548
"../../../Engine/Content/EngineSky/VolumetricClouds/CloudWeatherTexture.uexp" 549
"../../../Engine/Content/EngineSky/VolumetricClouds/CloudGradientTexture.uasset" 550
"../../../Engine/Content/EngineSky/VolumetricClouds/CloudGradientTexture.uexp" 551
"../../../Engine/Content/EngineSky/VolumetricClouds/T_NoiseShape64.ubulk" 552
"../../../Engine/Content/EngineSky/VolumetricClouds/T_NoiseShape64.uasset" 553
"../../../Engine/Content/EngineSky/VolumetricClouds/T_NoiseShape64.uexp" 554
"../../../Engine/Content/EngineSky/VolumetricClouds/T_VolumeNoiseShape64.uasset" 555
"../../../Engine/Content/EngineSky/VolumetricClouds/T_VolumeNoiseShape64.uexp" 556
"../../../Engine/Content/EngineSky/VolumetricClouds/T_NoiseErosion.ubulk" 557
"../../../Engine/Content/EngineSky/VolumetricClouds/T_NoiseErosion.uasset" 558
"../../../Engine/Content/EngineSky/VolumetricClouds/T_NoiseErosion.uexp" 559
"../../../Engine/Content/EngineSky/VolumetricClouds/T_VolumeNoiseErosion32.uasset" 560
"../../../Engine/Content/EngineSky/VolumetricClouds/T_VolumeNoiseErosion32.uexp" 561
"../../../Engine/Content/EngineSky/VolumetricClouds/m_SimpleVolumetricCloud.uasset" 562
"../../../Engine/Content/EngineSky/VolumetricClouds/m_SimpleVolumetricCloud.uexp" 563
"../../../Engine/Content/EngineSky/VolumetricClouds/m_SimpleVolumetricCloud_Inst.uasset" 564
"../../../Engine/Content/EngineSky/VolumetricClouds/m_SimpleVolumetricCloud_Inst.uexp" 565
"../../../Engine/Content/EngineSounds/Master.uasset" 566
"../../../Engine/Content/EngineSounds/Master.uexp" 567
"../../../Engine/Content/Functions/Engine_MaterialFunctions01/Shading/PowerToRoughness.uasset" 568
"../../../Engine/Content/Functions/Engine_MaterialFunctions01/Shading/PowerToRoughness.uexp" 569
"../../../Engine/Plugins/Interchange/Runtime/Content/gltf/MaterialInstances_MR/MI_Opaque_Unlit.uasset" 570
"../../../Engine/Plugins/Interchange/Runtime/Content/gltf/MaterialInstances_MR/MI_Opaque_Unlit.uexp" 571
"../../../Engine/Plugins/Interchange/Runtime/Content/gltf/MaterialInstances_MR/MI_Opaque_TS.uasset" 572
"../../../Engine/Plugins/Interchange/Runtime/Content/gltf/MaterialInstances_MR/MI_Opaque_TS.uexp" 573
"../../../Engine/Plugins/Interchange/Runtime/Content/Pipelines/DefaultSceneAssetsPipeline.uasset" 574
"../../../Engine/Plugins/Interchange/Runtime/Content/Pipelines/DefaultSceneAssetsPipeline.uexp" 575
"../../../Engine/Plugins/Interchange/Runtime/Content/Pipelines/DefaultAssetsPipeline.uasset" 576
"../../../Engine/Plugins/Interchange/Runtime/Content/Pipelines/DefaultAssetsPipeline.uexp" 577
"../../../Engine/Plugins/Interchange/Runtime/Content/Pipelines/DefaultMaterialPipeline.uasset" 578
"../../../Engine/Plugins/Interchange/Runtime/Content/Pipelines/DefaultMaterialPipeline.uexp" 579
"../../../Engine/Plugins/Animation/ControlRig/Content/M_Manip.uasset" 580
"../../../Engine/Plugins/Animation/ControlRig/Content/M_Manip.uexp" 581
"../../../Engine/Plugins/Animation/ControlRig/Content/Controls/DefaultGizmoLibraryNormalized.uasset" 582
"../../../Engine/Plugins/Animation/ControlRig/Content/Controls/DefaultGizmoLibraryNormalized.uexp" 583
"../../../Engine/Plugins/Animation/ControlRig/Content/Controls/ControlRig_Wedge_solid.uasset" 584
"../../../Engine/Plugins/Animation/ControlRig/Content/Controls/ControlRig_Wedge_solid.uexp" 585
"../../../Engine/Plugins/Animation/ControlRig/Content/Controls/ControlRig_Wedge_3mm.uasset" 586
"../../../Engine/Plugins/Animation/ControlRig/Content/Controls/ControlRig_Wedge_3mm.uexp" 587
"../../../Engine/Plugins/Animation/ControlRig/Content/Controls/ControlRig_Wedge_1mm.uasset" 588
"../../../Engine/Plugins/Animation/ControlRig/Content/Controls/ControlRig_Wedge_1mm.uexp" 589
"../../../Engine/Plugins/Animation/ControlRig/Content/Controls/ControlRig_Triangle_solid.uasset" 590
"../../../Engine/Plugins/Animation/ControlRig/Content/Controls/ControlRig_Triangle_solid.uexp" 591
"../../../Engine/Plugins/Animation/ControlRig/Content/Controls/ControlRig_Triangle_3mm.uasset" 592
"../../../Engine/Plugins/Animation/ControlRig/Content/Controls/ControlRig_Triangle_3mm.uexp" 593
"../../../Engine/Plugins/Animation/ControlRig/Content/Controls/ControlRig_Triangle_1mm.uasset" 594
"../../../Engine/Plugins/Animation/ControlRig/Content/Controls/ControlRig_Triangle_1mm.uexp" 595
"../../../Engine/Plugins/Animation/ControlRig/Content/Controls/ControlRig_Star4_solid.uasset" 596
"../../../Engine/Plugins/Animation/ControlRig/Content/Controls/ControlRig_Star4_solid.uexp" 597
"../../../Engine/Plugins/Animation/ControlRig/Content/Controls/ControlRig_Star4_3mm.uasset" 598
"../../../Engine/Plugins/Animation/ControlRig/Content/Controls/ControlRig_Star4_3mm.uexp" 599
"../../../Engine/Plugins/Animation/ControlRig/Content/Controls/ControlRig_Star4_1mm.uasset" 600
"../../../Engine/Plugins/Animation/ControlRig/Content/Controls/ControlRig_Star4_1mm.uexp" 601
"../../../Engine/Plugins/Animation/ControlRig/Content/Controls/ControlRig_Square_solid.uasset" 602
"../../../Engine/Plugins/Animation/ControlRig/Content/Controls/ControlRig_Square_solid.uexp" 603
"../../../Engine/Plugins/Animation/ControlRig/Content/Controls/ControlRig_Square_3mm.uasset" 604
"../../../Engine/Plugins/Animation/ControlRig/Content/Controls/ControlRig_Square_3mm.uexp" 605
"../../../Engine/Plugins/Animation/ControlRig/Content/Controls/ControlRig_Square_1mm.uasset" 606
"../../../Engine/Plugins/Animation/ControlRig/Content/Controls/ControlRig_Square_1mm.uexp" 607
"../../../Engine/Plugins/Animation/ControlRig/Content/Controls/ControlRig_Sphere_solid.uasset" 608
"../../../Engine/Plugins/Animation/ControlRig/Content/Controls/ControlRig_Sphere_solid.uexp" 609
"../../../Engine/Plugins/Animation/ControlRig/Content/Controls/ControlRig_Sphere_3mm.uasset" 610
"../../../Engine/Plugins/Animation/ControlRig/Content/Controls/ControlRig_Sphere_3mm.uexp" 611
"../../../Engine/Plugins/Animation/ControlRig/Content/Controls/ControlRig_Sphere_1mm.uasset" 612
"../../../Engine/Plugins/Animation/ControlRig/Content/Controls/ControlRig_Sphere_1mm.uexp" 613
"../../../Engine/Plugins/Animation/ControlRig/Content/Controls/ControlRig_RoundedTriangle_solid.uasset" 614
"../../../Engine/Plugins/Animation/ControlRig/Content/Controls/ControlRig_RoundedTriangle_solid.uexp" 615
"../../../Engine/Plugins/Animation/ControlRig/Content/Controls/ControlRig_RoundedTriangle_3mm.uasset" 616
"../../../Engine/Plugins/Animation/ControlRig/Content/Controls/ControlRig_RoundedTriangle_3mm.uexp" 617
"../../../Engine/Plugins/Animation/ControlRig/Content/Controls/ControlRig_RoundedTriangle_1mm.uasset" 618
"../../../Engine/Plugins/Animation/ControlRig/Content/Controls/ControlRig_RoundedTriangle_1mm.uexp" 619
"../../../Engine/Plugins/Animation/ControlRig/Content/Controls/ControlRig_RoundedSquare_solid.uasset" 620
"../../../Engine/Plugins/Animation/ControlRig/Content/Controls/ControlRig_RoundedSquare_solid.uexp" 621
"../../../Engine/Plugins/Animation/ControlRig/Content/Controls/ControlRig_RoundedSquare_3mm.uasset" 622
"../../../Engine/Plugins/Animation/ControlRig/Content/Controls/ControlRig_RoundedSquare_3mm.uexp" 623
"../../../Engine/Plugins/Animation/ControlRig/Content/Controls/ControlRig_RoundedSquare_1mm.uasset" 624
"../../../Engine/Plugins/Animation/ControlRig/Content/Controls/ControlRig_RoundedSquare_1mm.uexp" 625
"../../../Engine/Plugins/Animation/ControlRig/Content/Controls/ControlRig_QuarterCircle_solid.uasset" 626
"../../../Engine/Plugins/Animation/ControlRig/Content/Controls/ControlRig_QuarterCircle_solid.uexp" 627
"../../../Engine/Plugins/Animation/ControlRig/Content/Controls/ControlRig_QuarterCircle_3mm.uasset" 628
"../../../Engine/Plugins/Animation/ControlRig/Content/Controls/ControlRig_QuarterCircle_3mm.uexp" 629
"../../../Engine/Plugins/Animation/ControlRig/Content/Controls/ControlRig_QuarterCircle_1mm.uasset" 630
"../../../Engine/Plugins/Animation/ControlRig/Content/Controls/ControlRig_QuarterCircle_1mm.uexp" 631
"../../../Engine/Plugins/Animation/ControlRig/Content/Controls/ControlRig_Pyramid_solid.uasset" 632
"../../../Engine/Plugins/Animation/ControlRig/Content/Controls/ControlRig_Pyramid_solid.uexp" 633
"../../../Engine/Plugins/Animation/ControlRig/Content/Controls/ControlRig_Pyramid_3mm.uasset" 634
"../../../Engine/Plugins/Animation/ControlRig/Content/Controls/ControlRig_Pyramid_3mm.uexp" 635
"../../../Engine/Plugins/Animation/ControlRig/Content/Controls/ControlRig_Pyramid_1mm.uasset" 636
"../../../Engine/Plugins/Animation/ControlRig/Content/Controls/ControlRig_Pyramid_1mm.uexp" 637
"../../../Engine/Plugins/Animation/ControlRig/Content/Controls/ControlRig_Octagon_solid.uasset" 638
"../../../Engine/Plugins/Animation/ControlRig/Content/Controls/ControlRig_Octagon_solid.uexp" 639
"../../../Engine/Plugins/Animation/ControlRig/Content/Controls/ControlRig_Octagon_3mm.uasset" 640
"../../../Engine/Plugins/Animation/ControlRig/Content/Controls/ControlRig_Octagon_3mm.uexp" 641
"../../../Engine/Plugins/Animation/ControlRig/Content/Controls/ControlRig_Octagon_1mm.uasset" 642
"../../../Engine/Plugins/Animation/ControlRig/Content/Controls/ControlRig_Octagon_1mm.uexp" 643
"../../../Engine/Plugins/Animation/ControlRig/Content/Controls/ControlRig_Hexagon_solid.uasset" 644
"../../../Engine/Plugins/Animation/ControlRig/Content/Controls/ControlRig_Hexagon_solid.uexp" 645
"../../../Engine/Plugins/Animation/ControlRig/Content/Controls/ControlRig_Hexagon_3mm.uasset" 646
"../../../Engine/Plugins/Animation/ControlRig/Content/Controls/ControlRig_Hexagon_3mm.uexp" 647
"../../../Engine/Plugins/Animation/ControlRig/Content/Controls/ControlRig_Hexagon_1mm.uasset" 648
"../../../Engine/Plugins/Animation/ControlRig/Content/Controls/ControlRig_Hexagon_1mm.uexp" 649
"../../../Engine/Plugins/Animation/ControlRig/Content/Controls/ControlRig_HalfCircle_solid.uasset" 650
"../../../Engine/Plugins/Animation/ControlRig/Content/Controls/ControlRig_HalfCircle_solid.uexp" 651
"../../../Engine/Plugins/Animation/ControlRig/Content/Controls/ControlRig_HalfCircle_3mm.uasset" 652
"../../../Engine/Plugins/Animation/ControlRig/Content/Controls/ControlRig_HalfCircle_3mm.uexp" 653
"../../../Engine/Plugins/Animation/ControlRig/Content/Controls/ControlRig_HalfCircle_1mm.uasset" 654
"../../../Engine/Plugins/Animation/ControlRig/Content/Controls/ControlRig_HalfCircle_1mm.uexp" 655
"../../../Engine/Plugins/Animation/ControlRig/Content/Controls/ControlRig_Diamond_solid.uasset" 656
"../../../Engine/Plugins/Animation/ControlRig/Content/Controls/ControlRig_Diamond_solid.uexp" 657
"../../../Engine/Plugins/Animation/ControlRig/Content/Controls/ControlRig_Diamond_3mm.uasset" 658
"../../../Engine/Plugins/Animation/ControlRig/Content/Controls/ControlRig_Diamond_3mm.uexp" 659
"../../../Engine/Plugins/Animation/ControlRig/Content/Controls/ControlRig_Diamond_1mm.uasset" 660
"../../../Engine/Plugins/Animation/ControlRig/Content/Controls/ControlRig_Diamond_1mm.uexp" 661
"../../../Engine/Plugins/Animation/ControlRig/Content/Controls/ControlRig_Circle_solid.uasset" 662
"../../../Engine/Plugins/Animation/ControlRig/Content/Controls/ControlRig_Circle_solid.uexp" 663
"../../../Engine/Plugins/Animation/ControlRig/Content/Controls/ControlRig_Circle_3mm.uasset" 664
"../../../Engine/Plugins/Animation/ControlRig/Content/Controls/ControlRig_Circle_3mm.uexp" 665
"../../../Engine/Plugins/Animation/ControlRig/Content/Controls/ControlRig_Circle_1mm.uasset" 666
"../../../Engine/Plugins/Animation/ControlRig/Content/Controls/ControlRig_Circle_1mm.uexp" 667
"../../../Engine/Plugins/Animation/ControlRig/Content/Controls/ControlRig_Box_solid.uasset" 668
"../../../Engine/Plugins/Animation/ControlRig/Content/Controls/ControlRig_Box_solid.uexp" 669
"../../../Engine/Plugins/Animation/ControlRig/Content/Controls/ControlRig_Box_3mm.uasset" 670
"../../../Engine/Plugins/Animation/ControlRig/Content/Controls/ControlRig_Box_3mm.uexp" 671
"../../../Engine/Plugins/Animation/ControlRig/Content/Controls/ControlRig_Box_1mm.uasset" 672
"../../../Engine/Plugins/Animation/ControlRig/Content/Controls/ControlRig_Box_1mm.uexp" 673
"../../../Engine/Plugins/Animation/ControlRig/Content/Controls/ControlRig_Arrow_solid.uasset" 674
"../../../Engine/Plugins/Animation/ControlRig/Content/Controls/ControlRig_Arrow_solid.uexp" 675
"../../../Engine/Plugins/Animation/ControlRig/Content/Controls/ControlRig_Arrow_3mm.uasset" 676
"../../../Engine/Plugins/Animation/ControlRig/Content/Controls/ControlRig_Arrow_3mm.uexp" 677
"../../../Engine/Plugins/Animation/ControlRig/Content/Controls/ControlRig_Arrow_1mm.uasset" 678
"../../../Engine/Plugins/Animation/ControlRig/Content/Controls/ControlRig_Arrow_1mm.uexp" 679
"../../../Engine/Plugins/Animation/ControlRig/Content/Controls/ControlRig_Arrow4_solid.uasset" 680
"../../../Engine/Plugins/Animation/ControlRig/Content/Controls/ControlRig_Arrow4_solid.uexp" 681
"../../../Engine/Plugins/Animation/ControlRig/Content/Controls/ControlRig_Arrow4_3mm.uasset" 682
"../../../Engine/Plugins/Animation/ControlRig/Content/Controls/ControlRig_Arrow4_3mm.uexp" 683
"../../../Engine/Plugins/Animation/ControlRig/Content/Controls/ControlRig_Arrow4_1mm.uasset" 684
"../../../Engine/Plugins/Animation/ControlRig/Content/Controls/ControlRig_Arrow4_1mm.uexp" 685
"../../../Engine/Plugins/Animation/ControlRig/Content/Controls/ControlRig_Arrow2_solid.uasset" 686
"../../../Engine/Plugins/Animation/ControlRig/Content/Controls/ControlRig_Arrow2_solid.uexp" 687
"../../../Engine/Plugins/Animation/ControlRig/Content/Controls/ControlRig_Arrow2_3mm.uasset" 688
"../../../Engine/Plugins/Animation/ControlRig/Content/Controls/ControlRig_Arrow2_3mm.uexp" 689
"../../../Engine/Plugins/Animation/ControlRig/Content/Controls/ControlRig_Arrow2_1mm.uasset" 690
"../../../Engine/Plugins/Animation/ControlRig/Content/Controls/ControlRig_Arrow2_1mm.uexp" 691
"../../../Engine/Plugins/Animation/ControlRig/Content/Controls/ControlRigXRayMaterial.uasset" 692
"../../../Engine/Plugins/Animation/ControlRig/Content/Controls/ControlRigXRayMaterial.uexp" 693
"../../../Engine/Plugins/Animation/ControlRig/Content/Controls/ControlRigGizmoMaterial.uasset" 694
"../../../Engine/Plugins/Animation/ControlRig/Content/Controls/ControlRigGizmoMaterial.uexp" 695
"../../../Engine/Plugins/Editor/SpeedTreeImporter/Content/SpeedTree9/game_wind_noise.ubulk" 696
"../../../Engine/Plugins/Editor/SpeedTreeImporter/Content/SpeedTree9/game_wind_noise.uasset" 697
"../../../Engine/Plugins/Editor/SpeedTreeImporter/Content/SpeedTree9/game_wind_noise.uexp" 698
"../../../Engine/Plugins/Editor/SpeedTreeImporter/Content/SpeedTree9/UnpackDirection.uasset" 699
"../../../Engine/Plugins/Editor/SpeedTreeImporter/Content/SpeedTree9/UnpackDirection.uexp" 700
"../../../Engine/Content/Functions/Engine_MaterialFunctions02/UVs/BoundingBoxBased_0-1_UVW.uasset" 701
"../../../Engine/Content/Functions/Engine_MaterialFunctions02/UVs/BoundingBoxBased_0-1_UVW.uexp" 702
"../../../Engine/Plugins/Editor/SpeedTreeImporter/Content/SpeedTree9/UnpackInteger3.uasset" 703
"../../../Engine/Plugins/Editor/SpeedTreeImporter/Content/SpeedTree9/UnpackInteger3.uexp" 704
"../../../Engine/Plugins/Editor/SpeedTreeImporter/Content/SpeedTree9/SpeedTreeCameraFacing.uasset" 705
"../../../Engine/Plugins/Editor/SpeedTreeImporter/Content/SpeedTree9/SpeedTreeCameraFacing.uexp" 706
"../../../Engine/Content/Functions/Engine_MaterialFunctions02/WorldPositionOffset/ObjectScale.uasset" 707
"../../../Engine/Content/Functions/Engine_MaterialFunctions02/WorldPositionOffset/ObjectScale.uexp" 708
"../../../Engine/Content/Functions/Engine_MaterialFunctions02/SafeNormalize.uasset" 709
"../../../Engine/Content/Functions/Engine_MaterialFunctions02/SafeNormalize.uexp" 710
"../../../Engine/Plugins/Editor/SpeedTreeImporter/Content/SpeedTree9/SpeedTreeWindMotion.uasset" 711
"../../../Engine/Plugins/Editor/SpeedTreeImporter/Content/SpeedTree9/SpeedTreeWindMotion.uexp" 712
"../../../Engine/Plugins/Editor/SpeedTreeImporter/Content/SpeedTree9/SpeedTreeBranchMotion.uasset" 713
"../../../Engine/Plugins/Editor/SpeedTreeImporter/Content/SpeedTree9/SpeedTreeBranchMotion.uexp" 714
"../../../Engine/Plugins/Editor/SpeedTreeImporter/Content/SpeedTree9/SpeedTreeWind.uasset" 715
"../../../Engine/Plugins/Editor/SpeedTreeImporter/Content/SpeedTree9/SpeedTreeWind.uexp" 716
"../../../Engine/Plugins/Editor/SpeedTreeImporter/Content/SpeedTree9/EmptyNormal.uasset" 717
"../../../Engine/Plugins/Editor/SpeedTreeImporter/Content/SpeedTree9/EmptyNormal.uexp" 718
"../../../Engine/Plugins/Editor/SpeedTreeImporter/Content/SpeedTree9/Empty.uasset" 719
"../../../Engine/Plugins/Editor/SpeedTreeImporter/Content/SpeedTree9/Empty.uexp" 720
"../../../Engine/Plugins/Editor/SpeedTreeImporter/Content/SpeedTree9/SpeedTreeMaster.uasset" 721
"../../../Engine/Plugins/Editor/SpeedTreeImporter/Content/SpeedTree9/SpeedTreeMaster.uexp" 722
"../../../Engine/Plugins/Editor/SpeedTreeImporter/Content/SpeedTree9/SpeedTreeBillboard.uasset" 723
"../../../Engine/Plugins/Editor/SpeedTreeImporter/Content/SpeedTree9/SpeedTreeBillboard.uexp" 724
"../../../Engine/Plugins/Editor/SpeedTreeImporter/Content/SpeedTree9/SpeedTreeBillboardMaster.uasset" 725
"../../../Engine/Plugins/Editor/SpeedTreeImporter/Content/SpeedTree9/SpeedTreeBillboardMaster.uexp" 726
"../../../Engine/Plugins/Interchange/Runtime/Content/Materials/ThinTranslucentMaterial.uasset" 727
"../../../Engine/Plugins/Interchange/Runtime/Content/Materials/ThinTranslucentMaterial.uexp" 728
"../../../Engine/Plugins/Interchange/Runtime/Content/Materials/SubsurfaceMaterial.uasset" 729
"../../../Engine/Plugins/Interchange/Runtime/Content/Materials/SubsurfaceMaterial.uexp" 730
"../../../Engine/Plugins/Interchange/Runtime/Content/Materials/SheenMaterial.uasset" 731
"../../../Engine/Plugins/Interchange/Runtime/Content/Materials/SheenMaterial.uexp" 732
"../../../Engine/Plugins/Interchange/Runtime/Content/Materials/UnlitMaterial.uasset" 733
"../../../Engine/Plugins/Interchange/Runtime/Content/Materials/UnlitMaterial.uexp" 734
"../../../Engine/Plugins/Interchange/Runtime/Content/Functions/MX_Transmission.uasset" 735
"../../../Engine/Plugins/Interchange/Runtime/Content/Functions/MX_Transmission.uexp" 736
"../../../Engine/Plugins/Interchange/Runtime/Content/Functions/MX_StandardSurface.uasset" 737
"../../../Engine/Plugins/Interchange/Runtime/Content/Functions/MX_StandardSurface.uexp" 738
"../../../Engine/Plugins/Interchange/Runtime/Content/Functions/MX_TransmissionSurface.uasset" 739
"../../../Engine/Plugins/Interchange/Runtime/Content/Functions/MX_TransmissionSurface.uexp" 740
"../../../Engine/Content/BasicShapes/Sphere.uasset" 741
"../../../Engine/Content/BasicShapes/Sphere.uexp" 742
"D:/Projects/BloodyGalaxies/Content/Materials/Level/M_MetalPlates.uasset" 743
"D:/Projects/BloodyGalaxies/Content/Materials/Level/M_MetalPlates.uexp" 744
"D:/Projects/BloodyGalaxies/Content/Materials/M_Lamp.uasset" 745
"D:/Projects/BloodyGalaxies/Content/Materials/M_Lamp.uexp" 746
"D:/Projects/BloodyGalaxies/Content/Meshes/BaseRoom/SM_Lamp.uasset" 747
"D:/Projects/BloodyGalaxies/Content/Meshes/BaseRoom/SM_Lamp.uexp" 748
"D:/Projects/BloodyGalaxies/Content/Blueprints/BP_Lamp.uasset" 749
"D:/Projects/BloodyGalaxies/Content/Blueprints/BP_Lamp.uexp" 750
"D:/Projects/BloodyGalaxies/Content/Materials/Level/M_MetalPlates_2.uasset" 751
"D:/Projects/BloodyGalaxies/Content/Materials/Level/M_MetalPlates_2.uexp" 752
"D:/Projects/BloodyGalaxies/Content/Materials/Level/M_Glass.uasset" 753
"D:/Projects/BloodyGalaxies/Content/Materials/Level/M_Glass.uexp" 754
"D:/Projects/BloodyGalaxies/Content/Meshes/Corridor/SM_Corridor.uasset" 755
"D:/Projects/BloodyGalaxies/Content/Meshes/Corridor/SM_Corridor.uexp" 756
"D:/Projects/BloodyGalaxies/Content/Blueprints/BP_Corridor.uasset" 757
"D:/Projects/BloodyGalaxies/Content/Blueprints/BP_Corridor.uexp" 758
"D:/Projects/BloodyGalaxies/Content/Textures/T_Stars.uasset" 759
"D:/Projects/BloodyGalaxies/Content/Textures/T_Stars.uexp" 760
"D:/Projects/BloodyGalaxies/Content/Materials/M_StarsSky.uasset" 761
"D:/Projects/BloodyGalaxies/Content/Materials/M_StarsSky.uexp" 762
"D:/Projects/BloodyGalaxies/Content/Meshes/Boosters/M_Plastic.uasset" 763
"D:/Projects/BloodyGalaxies/Content/Meshes/Boosters/M_Plastic.uexp" 764
"D:/Projects/BloodyGalaxies/Content/Meshes/Boosters/SM_Refrigerant.uasset" 765
"D:/Projects/BloodyGalaxies/Content/Meshes/Boosters/SM_Refrigerant.uexp" 766
"D:/Projects/BloodyGalaxies/Content/Blueprints/Boosters/BP_Refrigerant.uasset" 767
"D:/Projects/BloodyGalaxies/Content/Blueprints/Boosters/BP_Refrigerant.uexp" 768
"D:/Projects/BloodyGalaxies/Content/Meshes/Boosters/M_White.uasset" 769
"D:/Projects/BloodyGalaxies/Content/Meshes/Boosters/M_White.uexp" 770
"D:/Projects/BloodyGalaxies/Content/Meshes/Boosters/M_Cross.uasset" 771
"D:/Projects/BloodyGalaxies/Content/Meshes/Boosters/M_Cross.uexp" 772
"D:/Projects/BloodyGalaxies/Content/Meshes/Boosters/M_Black.uasset" 773
"D:/Projects/BloodyGalaxies/Content/Meshes/Boosters/M_Black.uexp" 774
"D:/Projects/BloodyGalaxies/Content/Meshes/Boosters/SM_FirstAid.uasset" 775
"D:/Projects/BloodyGalaxies/Content/Meshes/Boosters/SM_FirstAid.uexp" 776
"D:/Projects/BloodyGalaxies/Content/Blueprints/Boosters/BP_FirstAid.uasset" 777
"D:/Projects/BloodyGalaxies/Content/Blueprints/Boosters/BP_FirstAid.uexp" 778
"../../../Engine/Content/BasicShapes/Cube.uasset" 779
"../../../Engine/Content/BasicShapes/Cube.uexp" 780
"D:/Projects/BloodyGalaxies/Content/Materials/M_LevelEnd.uasset" 781
"D:/Projects/BloodyGalaxies/Content/Materials/M_LevelEnd.uexp" 782
"D:/Projects/BloodyGalaxies/Content/Blueprints/BP_LevelEnd.uasset" 783
"D:/Projects/BloodyGalaxies/Content/Blueprints/BP_LevelEnd.uexp" 784
"D:/Projects/BloodyGalaxies/Content/Meshes/Boosters/M_Metal.uasset" 785
"D:/Projects/BloodyGalaxies/Content/Meshes/Boosters/M_Metal.uexp" 786
"D:/Projects/BloodyGalaxies/Content/Meshes/Boosters/M_Fire.uasset" 787
"D:/Projects/BloodyGalaxies/Content/Meshes/Boosters/M_Fire.uexp" 788
"D:/Projects/BloodyGalaxies/Content/Meshes/Boosters/SM_Accelerator.uasset" 789
"D:/Projects/BloodyGalaxies/Content/Meshes/Boosters/SM_Accelerator.uexp" 790
"D:/Projects/BloodyGalaxies/Content/Blueprints/Boosters/BP_Accelerator.uasset" 791
"D:/Projects/BloodyGalaxies/Content/Blueprints/Boosters/BP_Accelerator.uexp" 792
"D:/Projects/BloodyGalaxies/Content/Meshes/Boosters/M_Glass.uasset" 793
"D:/Projects/BloodyGalaxies/Content/Meshes/Boosters/M_Glass.uexp" 794
"D:/Projects/BloodyGalaxies/Content/Meshes/Boosters/SM_Prism.uasset" 795
"D:/Projects/BloodyGalaxies/Content/Meshes/Boosters/SM_Prism.uexp" 796
"D:/Projects/BloodyGalaxies/Content/Blueprints/Boosters/BP_Prism.uasset" 797
"D:/Projects/BloodyGalaxies/Content/Blueprints/Boosters/BP_Prism.uexp" 798
"D:/Projects/BloodyGalaxies/Content/Meshes/BaseRoom/SM_WallCurve.uasset" 799
"D:/Projects/BloodyGalaxies/Content/Meshes/BaseRoom/SM_WallCurve.uexp" 800
"D:/Projects/BloodyGalaxies/Content/Audio/Enemies/Splinker/SW_Death.ubulk" 801
"D:/Projects/BloodyGalaxies/Content/Audio/Enemies/Splinker/SW_Death.uasset" 802
"D:/Projects/BloodyGalaxies/Content/Audio/Enemies/Splinker/SW_Death.uexp" 803
"D:/Projects/BloodyGalaxies/Content/Audio/Enemies/Splinker/SC_Death.uasset" 804
"D:/Projects/BloodyGalaxies/Content/Audio/Enemies/Splinker/SC_Death.uexp" 805
"D:/Projects/BloodyGalaxies/Content/Meshes/Enemies/Splinker/M_ShooterMain.uasset" 806
"D:/Projects/BloodyGalaxies/Content/Meshes/Enemies/Splinker/M_ShooterMain.uexp" 807
"D:/Projects/BloodyGalaxies/Content/Meshes/Enemies/SM_Flesh1.uasset" 808
"D:/Projects/BloodyGalaxies/Content/Meshes/Enemies/SM_Flesh1.uexp" 809
"D:/Projects/BloodyGalaxies/Content/Meshes/Enemies/SM_Flesh3.uasset" 810
"D:/Projects/BloodyGalaxies/Content/Meshes/Enemies/SM_Flesh3.uexp" 811
"D:/Projects/BloodyGalaxies/Content/Meshes/Enemies/SM_Flesh2.uasset" 812
"D:/Projects/BloodyGalaxies/Content/Meshes/Enemies/SM_Flesh2.uexp" 813
"D:/Projects/BloodyGalaxies/Content/PM_Flesh.uasset" 814
"D:/Projects/BloodyGalaxies/Content/PM_Flesh.uexp" 815
"D:/Projects/BloodyGalaxies/Content/Blueprints/BP_FleshPiece.uasset" 816
"D:/Projects/BloodyGalaxies/Content/Blueprints/BP_FleshPiece.uexp" 817
"D:/Projects/BloodyGalaxies/Content/Meshes/Enemies/SM_Eyelid.uasset" 818
"D:/Projects/BloodyGalaxies/Content/Meshes/Enemies/SM_Eyelid.uexp" 819
"D:/Projects/BloodyGalaxies/Content/Meshes/Enemies/M_Pupil.uasset" 820
"D:/Projects/BloodyGalaxies/Content/Meshes/Enemies/M_Pupil.uexp" 821
"D:/Projects/BloodyGalaxies/Content/Meshes/Enemies/M_EyeGlow.uasset" 822
"D:/Projects/BloodyGalaxies/Content/Meshes/Enemies/M_EyeGlow.uexp" 823
"D:/Projects/BloodyGalaxies/Content/Meshes/Enemies/SM_Eye.uasset" 824
"D:/Projects/BloodyGalaxies/Content/Meshes/Enemies/SM_Eye.uexp" 825
"D:/Projects/BloodyGalaxies/Content/Blueprints/Enemies/BP_Eye.uasset" 826
"D:/Projects/BloodyGalaxies/Content/Blueprints/Enemies/BP_Eye.uexp" 827
"D:/Projects/BloodyGalaxies/Content/Meshes/Enemies/Splinker/M_Spike.uasset" 828
"D:/Projects/BloodyGalaxies/Content/Meshes/Enemies/Splinker/M_Spike.uexp" 829
"D:/Projects/BloodyGalaxies/Content/Meshes/Enemies/Ram/SM_RamSpikes.uasset" 830
"D:/Projects/BloodyGalaxies/Content/Meshes/Enemies/Ram/SM_RamSpikes.uexp" 831
"D:/Projects/BloodyGalaxies/Content/Audio/Enemies/Ram/SW_Atack.ubulk" 832
"D:/Projects/BloodyGalaxies/Content/Audio/Enemies/Ram/SW_Atack.uasset" 833
"D:/Projects/BloodyGalaxies/Content/Audio/Enemies/Ram/SW_Atack.uexp" 834
"D:/Projects/BloodyGalaxies/Content/Audio/Enemies/Ram/SC_Atack.uasset" 835
"D:/Projects/BloodyGalaxies/Content/Audio/Enemies/Ram/SC_Atack.uexp" 836
"D:/Projects/BloodyGalaxies/Content/Audio/Enemies/Ram/SW_Roll.ubulk" 837
"D:/Projects/BloodyGalaxies/Content/Audio/Enemies/Ram/SW_Roll.uasset" 838
"D:/Projects/BloodyGalaxies/Content/Audio/Enemies/Ram/SW_Roll.uexp" 839
"D:/Projects/BloodyGalaxies/Content/Audio/Enemies/Ram/SC_Roll.uasset" 840
"D:/Projects/BloodyGalaxies/Content/Audio/Enemies/Ram/SC_Roll.uexp" 841
"D:/Projects/BloodyGalaxies/Content/Meshes/Enemies/Ram/SM_RamBody.uasset" 842
"D:/Projects/BloodyGalaxies/Content/Meshes/Enemies/Ram/SM_RamBody.uexp" 843
"D:/Projects/BloodyGalaxies/Content/Blueprints/Enemies/BP_Ram.uasset" 844
"D:/Projects/BloodyGalaxies/Content/Blueprints/Enemies/BP_Ram.uexp" 845
"D:/Projects/BloodyGalaxies/Content/Meshes/Enemies/Splinker/M_SplinkerFloor.uasset" 846
"D:/Projects/BloodyGalaxies/Content/Meshes/Enemies/Splinker/M_SplinkerFloor.uexp" 847
"D:/Projects/BloodyGalaxies/Content/Meshes/Enemies/Splinker/SM_SplinkerFloor.uasset" 848
"D:/Projects/BloodyGalaxies/Content/Meshes/Enemies/Splinker/SM_SplinkerFloor.uexp" 849
"D:/Projects/BloodyGalaxies/Content/Audio/Enemies/Splinker/SW_Shot.ubulk" 850
"D:/Projects/BloodyGalaxies/Content/Audio/Enemies/Splinker/SW_Shot.uasset" 851
"D:/Projects/BloodyGalaxies/Content/Audio/Enemies/Splinker/SW_Shot.uexp" 852
"D:/Projects/BloodyGalaxies/Content/Audio/Enemies/Splinker/SC_Shot.uasset" 853
"D:/Projects/BloodyGalaxies/Content/Audio/Enemies/Splinker/SC_Shot.uexp" 854
"D:/Projects/BloodyGalaxies/Content/Meshes/Enemies/Splinker/PA_Splinker.uasset" 855
"D:/Projects/BloodyGalaxies/Content/Meshes/Enemies/Splinker/PA_Splinker.uexp" 856
"D:/Projects/BloodyGalaxies/Content/Meshes/Enemies/Splinker/M_ShooterSub.uasset" 857
"D:/Projects/BloodyGalaxies/Content/Meshes/Enemies/Splinker/M_ShooterSub.uexp" 858
"D:/Projects/BloodyGalaxies/Content/Meshes/Enemies/Splinker/S_Splinker.uasset" 859
"D:/Projects/BloodyGalaxies/Content/Meshes/Enemies/Splinker/S_Splinker.uexp" 860
"D:/Projects/BloodyGalaxies/Content/Meshes/Enemies/Splinker/SM_Splinker.uasset" 861
"D:/Projects/BloodyGalaxies/Content/Meshes/Enemies/Splinker/SM_Splinker.uexp" 862
"D:/Projects/BloodyGalaxies/Content/Meshes/Enemies/Splinker/M_Acid.uasset" 863
"D:/Projects/BloodyGalaxies/Content/Meshes/Enemies/Splinker/M_Acid.uexp" 864
"D:/Projects/BloodyGalaxies/Content/Meshes/Enemies/Splinker/SM_Projectile.uasset" 865
"D:/Projects/BloodyGalaxies/Content/Meshes/Enemies/Splinker/SM_Projectile.uexp" 866
"D:/Projects/BloodyGalaxies/Content/Materials/M_AcidSplash.uasset" 867
"D:/Projects/BloodyGalaxies/Content/Materials/M_AcidSplash.uexp" 868
"D:/Projects/BloodyGalaxies/Content/Blueprints/Enemies/BP_AcidSplash.uasset" 869
"D:/Projects/BloodyGalaxies/Content/Blueprints/Enemies/BP_AcidSplash.uexp" 870
"D:/Projects/BloodyGalaxies/Content/Blueprints/Enemies/BP_SplinkerProjectile.uasset" 871
"D:/Projects/BloodyGalaxies/Content/Blueprints/Enemies/BP_SplinkerProjectile.uexp" 872
"D:/Projects/BloodyGalaxies/Content/Blueprints/Enemies/BP_Splinker.uasset" 873
"D:/Projects/BloodyGalaxies/Content/Blueprints/Enemies/BP_Splinker.uexp" 874
"D:/Projects/BloodyGalaxies/Content/Meshes/BaseRoom/SM_WallStraight.uasset" 875
"D:/Projects/BloodyGalaxies/Content/Meshes/BaseRoom/SM_WallStraight.uexp" 876
"D:/Projects/BloodyGalaxies/Content/Meshes/BaseRoom/SM_WallEnd.uasset" 877
"D:/Projects/BloodyGalaxies/Content/Meshes/BaseRoom/SM_WallEnd.uexp" 878
"D:/Projects/BloodyGalaxies/Content/Blueprints/SubRooms/BP_SR_Alone.uasset" 879
"D:/Projects/BloodyGalaxies/Content/Blueprints/SubRooms/BP_SR_Alone.uexp" 880
"D:/Projects/BloodyGalaxies/Content/Blueprints/SubRooms/BP_SR_Three.uasset" 881
"D:/Projects/BloodyGalaxies/Content/Blueprints/SubRooms/BP_SR_Three.uexp" 882
"D:/Projects/BloodyGalaxies/Content/Meshes/BaseRoom/SM_Decoration.uasset" 883
"D:/Projects/BloodyGalaxies/Content/Meshes/BaseRoom/SM_Decoration.uexp" 884
"D:/Projects/BloodyGalaxies/Content/Blueprints/SubRooms/BP_SR_Second.uasset" 885
"D:/Projects/BloodyGalaxies/Content/Blueprints/SubRooms/BP_SR_Second.uexp" 886
"D:/Projects/BloodyGalaxies/Content/Meshes/BaseRoom/SM_WallWithDoorWay.uasset" 887
"D:/Projects/BloodyGalaxies/Content/Meshes/BaseRoom/SM_WallWithDoorWay.uexp" 888
"D:/Projects/BloodyGalaxies/Content/Meshes/BaseRoom/SM_Ceiling.uasset" 889
"D:/Projects/BloodyGalaxies/Content/Meshes/BaseRoom/SM_Ceiling.uexp" 890
"D:/Projects/BloodyGalaxies/Content/Blueprints/SubRooms/BP_SR_InCorners.uasset" 891
"D:/Projects/BloodyGalaxies/Content/Blueprints/SubRooms/BP_SR_InCorners.uexp" 892
"D:/Projects/BloodyGalaxies/Content/Blueprints/SubRooms/BP_SR_Rams.uasset" 893
"D:/Projects/BloodyGalaxies/Content/Blueprints/SubRooms/BP_SR_Rams.uexp" 894
"D:/Projects/BloodyGalaxies/Content/Meshes/BaseRoom/SM_Wall.uasset" 895
"D:/Projects/BloodyGalaxies/Content/Meshes/BaseRoom/SM_Wall.uexp" 896
"D:/Projects/BloodyGalaxies/Content/Blueprints/SubRooms/BP_SR_First.uasset" 897
"D:/Projects/BloodyGalaxies/Content/Blueprints/SubRooms/BP_SR_First.uexp" 898
"D:/Projects/BloodyGalaxies/Content/Meshes/BaseRoom/SM_Floor.uasset" 899
"D:/Projects/BloodyGalaxies/Content/Meshes/BaseRoom/SM_Floor.uexp" 900
"D:/Projects/BloodyGalaxies/Content/Blueprints/BaseRooms/BP_BaseTIntersection.uasset" 901
"D:/Projects/BloodyGalaxies/Content/Blueprints/BaseRooms/BP_BaseTIntersection.uexp" 902
"D:/Projects/BloodyGalaxies/Content/Blueprints/BaseRooms/BP_BaseXIntersection.uasset" 903
"D:/Projects/BloodyGalaxies/Content/Blueprints/BaseRooms/BP_BaseXIntersection.uexp" 904
"../../../Engine/Content/EngineResources/GrayDarkTextureCube.uasset" 905
"../../../Engine/Content/EngineResources/GrayDarkTextureCube.uexp" 906
"D:/Projects/BloodyGalaxies/Content/Blueprints/BaseRooms/BP_BaseStraight.uasset" 907
"D:/Projects/BloodyGalaxies/Content/Blueprints/BaseRooms/BP_BaseStraight.uexp" 908
"D:/Projects/BloodyGalaxies/Content/Audio/Music/Game/SW_GameMusic6.ubulk" 909
"D:/Projects/BloodyGalaxies/Content/Audio/Music/Game/SW_GameMusic6.uasset" 910
"D:/Projects/BloodyGalaxies/Content/Audio/Music/Game/SW_GameMusic6.uexp" 911
"D:/Projects/BloodyGalaxies/Content/Audio/Music/Game/SW_GameMusic4.ubulk" 912
"D:/Projects/BloodyGalaxies/Content/Audio/Music/Game/SW_GameMusic4.uasset" 913
"D:/Projects/BloodyGalaxies/Content/Audio/Music/Game/SW_GameMusic4.uexp" 914
"D:/Projects/BloodyGalaxies/Content/Audio/Music/Game/SW_GameMusic2.ubulk" 915
"D:/Projects/BloodyGalaxies/Content/Audio/Music/Game/SW_GameMusic2.uasset" 916
"D:/Projects/BloodyGalaxies/Content/Audio/Music/Game/SW_GameMusic2.uexp" 917
"D:/Projects/BloodyGalaxies/Content/Audio/SC_Music.uasset" 918
"D:/Projects/BloodyGalaxies/Content/Audio/SC_Music.uexp" 919
"D:/Projects/BloodyGalaxies/Content/Audio/Music/Game/SW_GameMusic1.ubulk" 920
"D:/Projects/BloodyGalaxies/Content/Audio/Music/Game/SW_GameMusic1.uasset" 921
"D:/Projects/BloodyGalaxies/Content/Audio/Music/Game/SW_GameMusic1.uexp" 922
"D:/Projects/BloodyGalaxies/Content/Audio/Music/Game/SW_GameMusic5.ubulk" 923
"D:/Projects/BloodyGalaxies/Content/Audio/Music/Game/SW_GameMusic5.uasset" 924
"D:/Projects/BloodyGalaxies/Content/Audio/Music/Game/SW_GameMusic5.uexp" 925
"D:/Projects/BloodyGalaxies/Content/Audio/Music/Game/SW_GameMusic3.ubulk" 926
"D:/Projects/BloodyGalaxies/Content/Audio/Music/Game/SW_GameMusic3.uasset" 927
"D:/Projects/BloodyGalaxies/Content/Audio/Music/Game/SW_GameMusic3.uexp" 928
"D:/Projects/BloodyGalaxies/Content/Audio/Music/Game/SC_GameMusic.uasset" 929
"D:/Projects/BloodyGalaxies/Content/Audio/Music/Game/SC_GameMusic.uexp" 930
"D:/Projects/BloodyGalaxies/Content/Meshes/Door/SM_DoorLock.uasset" 931
"D:/Projects/BloodyGalaxies/Content/Meshes/Door/SM_DoorLock.uexp" 932
"D:/Projects/BloodyGalaxies/Content/Meshes/Door/SM_DoorPartBottom.uasset" 933
"D:/Projects/BloodyGalaxies/Content/Meshes/Door/SM_DoorPartBottom.uexp" 934
"D:/Projects/BloodyGalaxies/Content/Audio/Ship/Door/SW_DoorOpenClose.ubulk" 935
"D:/Projects/BloodyGalaxies/Content/Audio/Ship/Door/SW_DoorOpenClose.uasset" 936
"D:/Projects/BloodyGalaxies/Content/Audio/Ship/Door/SW_DoorOpenClose.uexp" 937
"D:/Projects/BloodyGalaxies/Content/Audio/Ship/Door/SC_DoorOpenClose.uasset" 938
"D:/Projects/BloodyGalaxies/Content/Audio/Ship/Door/SC_DoorOpenClose.uexp" 939
"D:/Projects/BloodyGalaxies/Content/Meshes/Door/SM_DoorPartTop.uasset" 940
"D:/Projects/BloodyGalaxies/Content/Meshes/Door/SM_DoorPartTop.uexp" 941
"D:/Projects/BloodyGalaxies/Content/Audio/Ship/Door/SW_DoorLock.ubulk" 942
"D:/Projects/BloodyGalaxies/Content/Audio/Ship/Door/SW_DoorLock.uasset" 943
"D:/Projects/BloodyGalaxies/Content/Audio/Ship/Door/SW_DoorLock.uexp" 944
"D:/Projects/BloodyGalaxies/Content/Audio/Ship/Door/SC_DoorLock.uasset" 945
"D:/Projects/BloodyGalaxies/Content/Audio/Ship/Door/SC_DoorLock.uexp" 946
"D:/Projects/BloodyGalaxies/Content/Meshes/Door/SM_DoorFrame.uasset" 947
"D:/Projects/BloodyGalaxies/Content/Meshes/Door/SM_DoorFrame.uexp" 948
"D:/Projects/BloodyGalaxies/Content/Blueprints/BP_Door.uasset" 949
"D:/Projects/BloodyGalaxies/Content/Blueprints/BP_Door.uexp" 950
"D:/Projects/BloodyGalaxies/Content/Blueprints/BaseRooms/BP_BaseCurve.uasset" 951
"D:/Projects/BloodyGalaxies/Content/Blueprints/BaseRooms/BP_BaseCurve.uexp" 952
"D:/Projects/BloodyGalaxies/Content/Blueprints/BaseRooms/BP_BaseDeadEnd.uasset" 953
"D:/Projects/BloodyGalaxies/Content/Blueprints/BaseRooms/BP_BaseDeadEnd.uexp" 954
"D:/Projects/BloodyGalaxies/Content/Levels/L_Ship.uexp" 955
"D:/Projects/BloodyGalaxies/Content/Levels/L_Ship.umap" 956
"D:/Projects/BloodyGalaxies/Content/Textures/CommonUI/T_CheckMark.uasset" 957
"D:/Projects/BloodyGalaxies/Content/Textures/CommonUI/T_CheckMark.uexp" 958
"D:/Projects/BloodyGalaxies/Content/Audio/SCM_Default.uasset" 959
"D:/Projects/BloodyGalaxies/Content/Audio/SCM_Default.uexp" 960
"D:/Projects/BloodyGalaxies/Content/Textures/CommonUI/T_CheckMarkChecked.uasset" 961
"D:/Projects/BloodyGalaxies/Content/Textures/CommonUI/T_CheckMarkChecked.uexp" 962
"D:/Projects/BloodyGalaxies/Content/Textures/CommonUI/T_GameLogo.uasset" 963
"D:/Projects/BloodyGalaxies/Content/Textures/CommonUI/T_GameLogo.uexp" 964
"D:/Projects/BloodyGalaxies/Content/UserWidgets/UW_MainMenu.uasset" 965
"D:/Projects/BloodyGalaxies/Content/UserWidgets/UW_MainMenu.uexp" 966
"D:/Projects/BloodyGalaxies/Content/Audio/Music/Menu/SW_MenuMusic4.ubulk" 967
"D:/Projects/BloodyGalaxies/Content/Audio/Music/Menu/SW_MenuMusic4.uasset" 968
"D:/Projects/BloodyGalaxies/Content/Audio/Music/Menu/SW_MenuMusic4.uexp" 969
"D:/Projects/BloodyGalaxies/Content/Audio/Music/Menu/SW_MenuMusic1.ubulk" 970
"D:/Projects/BloodyGalaxies/Content/Audio/Music/Menu/SW_MenuMusic1.uasset" 971
"D:/Projects/BloodyGalaxies/Content/Audio/Music/Menu/SW_MenuMusic1.uexp" 972
"D:/Projects/BloodyGalaxies/Content/Audio/Music/Menu/SW_MenuMusic7.ubulk" 973
"D:/Projects/BloodyGalaxies/Content/Audio/Music/Menu/SW_MenuMusic7.uasset" 974
"D:/Projects/BloodyGalaxies/Content/Audio/Music/Menu/SW_MenuMusic7.uexp" 975
"D:/Projects/BloodyGalaxies/Content/Audio/Music/Menu/SW_MenuMusic5.ubulk" 976
"D:/Projects/BloodyGalaxies/Content/Audio/Music/Menu/SW_MenuMusic5.uasset" 977
"D:/Projects/BloodyGalaxies/Content/Audio/Music/Menu/SW_MenuMusic5.uexp" 978
"D:/Projects/BloodyGalaxies/Content/Audio/Music/Menu/SW_MenuMusic6.ubulk" 979
"D:/Projects/BloodyGalaxies/Content/Audio/Music/Menu/SW_MenuMusic6.uasset" 980
"D:/Projects/BloodyGalaxies/Content/Audio/Music/Menu/SW_MenuMusic6.uexp" 981
"D:/Projects/BloodyGalaxies/Content/Audio/Music/Menu/SW_MenuMusic2.ubulk" 982
"D:/Projects/BloodyGalaxies/Content/Audio/Music/Menu/SW_MenuMusic2.uasset" 983
"D:/Projects/BloodyGalaxies/Content/Audio/Music/Menu/SW_MenuMusic2.uexp" 984
"D:/Projects/BloodyGalaxies/Content/Audio/Music/Menu/SW_MenuMusic3.ubulk" 985
"D:/Projects/BloodyGalaxies/Content/Audio/Music/Menu/SW_MenuMusic3.uasset" 986
"D:/Projects/BloodyGalaxies/Content/Audio/Music/Menu/SW_MenuMusic3.uexp" 987
"D:/Projects/BloodyGalaxies/Content/Audio/Music/Menu/SC_MenuMusic.uasset" 988
"D:/Projects/BloodyGalaxies/Content/Audio/Music/Menu/SC_MenuMusic.uexp" 989
"D:/Projects/BloodyGalaxies/Content/Levels/L_Menu.uexp" 990
"D:/Projects/BloodyGalaxies/Content/Levels/L_Menu.umap" 991
"../../../Engine/Content/Maps/Entry_BuiltData.uasset" 992
"../../../Engine/Content/Maps/Entry_BuiltData.uexp" 993
"../../../Engine/Content/Maps/Entry.uexp" 994
"../../../Engine/Content/Maps/Entry.umap" 995
